2019-06-05 00:01:54.545 INFO [http-nio-8080-exec-6]o.s.d.repository.config.RepositoryConfigurationDelegate.registerRepositoriesIn:126 -Bootstrapping Spring Data repositories in DEFAULT mode.
2019-06-05 00:01:54.579 INFO [http-nio-8080-exec-6]o.s.d.repository.config.RepositoryConfigurationDelegate.registerRepositoriesIn:182 -Finished Spring Data repository scanning in 32ms. Found 0 repository interfaces.
2019-06-05 00:30:05.843 INFO [http-nio-8080-exec-7]o.s.d.repository.config.RepositoryConfigurationDelegate.registerRepositoriesIn:126 -Bootstrapping Spring Data repositories in DEFAULT mode.
2019-06-05 00:30:05.880 INFO [http-nio-8080-exec-7]o.s.d.repository.config.RepositoryConfigurationDelegate.registerRepositoriesIn:182 -Finished Spring Data repository scanning in 33ms. Found 0 repository interfaces.
2019-06-05 00:30:06.616 INFO [http-nio-8080-exec-1]s.d.spring.web.scanners.ApiListingReferenceScanner.scan:41 -Scanning for api listing references
2019-06-05 00:30:06.646 INFO [http-nio-8080-exec-1]s.d.s.w.readers.operation.CachingOperationNameGenerator.startingWith:40 -Generating unique operation named: Display2FUsingGET_3
2019-06-05 00:30:06.661 INFO [http-nio-8080-exec-1]s.d.s.w.readers.operation.CachingOperationNameGenerator.startingWith:40 -Generating unique operation named: createUsingPOST_15
2019-06-05 00:30:06.673 INFO [http-nio-8080-exec-1]s.d.s.w.readers.operation.CachingOperationNameGenerator.startingWith:40 -Generating unique operation named: findItemUsingGET_3
2019-06-05 00:30:06.685 INFO [http-nio-8080-exec-1]s.d.s.w.readers.operation.CachingOperationNameGenerator.startingWith:40 -Generating unique operation named: receiveUsingGET_6
2019-06-05 00:30:06.695 INFO [http-nio-8080-exec-1]s.d.s.w.readers.operation.CachingOperationNameGenerator.startingWith:40 -Generating unique operation named: searchForUsingGET_3
2019-06-05 00:30:06.705 INFO [http-nio-8080-exec-1]s.d.s.w.readers.operation.CachingOperationNameGenerator.startingWith:40 -Generating unique operation named: selectAllUsingGET_3
2019-06-05 00:30:06.719 INFO [http-nio-8080-exec-1]s.d.s.w.readers.operation.CachingOperationNameGenerator.startingWith:40 -Generating unique operation named: TreeList2FrontUsingGET_3
2019-06-05 00:30:06.729 INFO [http-nio-8080-exec-1]s.d.s.w.readers.operation.CachingOperationNameGenerator.startingWith:40 -Generating unique operation named: createUsingPOST_16
2019-06-05 00:30:06.742 INFO [http-nio-8080-exec-1]s.d.s.w.readers.operation.CachingOperationNameGenerator.startingWith:40 -Generating unique operation named: executeUploadUsingGET_6
2019-06-05 00:30:06.751 INFO [http-nio-8080-exec-1]s.d.s.w.readers.operation.CachingOperationNameGenerator.startingWith:40 -Generating unique operation named: executeUploadUsingGET_7
2019-06-05 00:30:06.761 INFO [http-nio-8080-exec-1]s.d.s.w.readers.operation.CachingOperationNameGenerator.startingWith:40 -Generating unique operation named: listUsingGET_3
2019-06-05 00:30:06.773 INFO [http-nio-8080-exec-1]s.d.s.w.readers.operation.CachingOperationNameGenerator.startingWith:40 -Generating unique operation named: listByCourseItemIdUsingGET_3
2019-06-05 00:30:06.785 INFO [http-nio-8080-exec-1]s.d.s.w.readers.operation.CachingOperationNameGenerator.startingWith:40 -Generating unique operation named: receiveUsingGET_7
2019-06-05 00:30:06.810 INFO [http-nio-8080-exec-1]s.d.s.w.readers.operation.CachingOperationNameGenerator.startingWith:40 -Generating unique operation named: downloadUsingGET_3
2019-06-05 00:30:06.818 INFO [http-nio-8080-exec-1]s.d.s.w.readers.operation.CachingOperationNameGenerator.startingWith:40 -Generating unique operation named: createUsingPOST_17
2019-06-05 00:30:06.826 INFO [http-nio-8080-exec-1]s.d.s.w.readers.operation.CachingOperationNameGenerator.startingWith:40 -Generating unique operation named: createUsingPOST_18
2019-06-05 00:30:06.834 INFO [http-nio-8080-exec-1]s.d.s.w.readers.operation.CachingOperationNameGenerator.startingWith:40 -Generating unique operation named: createUsingPOST_19
2019-06-05 00:32:38.146 WARN [http-nio-8080-exec-7]org.mybatis.spring.mapper.ClassPathMapperScanner.warn:44 -No MyBatis mapper was found in '[edu.uni.*.mapper]' package. Please check your configuration.
2019-06-05 00:32:38.210 INFO [http-nio-8080-exec-7]o.s.d.repository.config.RepositoryConfigurationDelegate.registerRepositoriesIn:126 -Bootstrapping Spring Data repositories in DEFAULT mode.
2019-06-05 00:32:38.256 INFO [http-nio-8080-exec-7]o.s.d.repository.config.RepositoryConfigurationDelegate.registerRepositoriesIn:182 -Finished Spring Data repository scanning in 45ms. Found 0 repository interfaces.
2019-06-05 00:32:39.046 INFO [http-nio-8080-exec-1]s.d.spring.web.scanners.ApiListingReferenceScanner.scan:41 -Scanning for api listing references
2019-06-05 00:32:39.067 INFO [http-nio-8080-exec-1]s.d.s.w.readers.operation.CachingOperationNameGenerator.startingWith:40 -Generating unique operation named: Display2FUsingGET_4
2019-06-05 00:32:39.077 INFO [http-nio-8080-exec-1]s.d.s.w.readers.operation.CachingOperationNameGenerator.startingWith:40 -Generating unique operation named: createUsingPOST_20
2019-06-05 00:32:39.086 INFO [http-nio-8080-exec-1]s.d.s.w.readers.operation.CachingOperationNameGenerator.startingWith:40 -Generating unique operation named: findItemUsingGET_4
2019-06-05 00:32:39.095 INFO [http-nio-8080-exec-1]s.d.s.w.readers.operation.CachingOperationNameGenerator.startingWith:40 -Generating unique operation named: receiveUsingGET_8
2019-06-05 00:32:39.103 INFO [http-nio-8080-exec-1]s.d.s.w.readers.operation.CachingOperationNameGenerator.startingWith:40 -Generating unique operation named: searchForUsingGET_4
2019-06-05 00:32:39.112 INFO [http-nio-8080-exec-1]s.d.s.w.readers.operation.CachingOperationNameGenerator.startingWith:40 -Generating unique operation named: selectAllUsingGET_4
2019-06-05 00:32:39.123 INFO [http-nio-8080-exec-1]s.d.s.w.readers.operation.CachingOperationNameGenerator.startingWith:40 -Generating unique operation named: TreeList2FrontUsingGET_4
2019-06-05 00:32:39.133 INFO [http-nio-8080-exec-1]s.d.s.w.readers.operation.CachingOperationNameGenerator.startingWith:40 -Generating unique operation named: createUsingPOST_21
2019-06-05 00:32:39.143 INFO [http-nio-8080-exec-1]s.d.s.w.readers.operation.CachingOperationNameGenerator.startingWith:40 -Generating unique operation named: executeUploadUsingGET_8
2019-06-05 00:32:39.151 INFO [http-nio-8080-exec-1]s.d.s.w.readers.operation.CachingOperationNameGenerator.startingWith:40 -Generating unique operation named: executeUploadUsingGET_9
2019-06-05 00:32:39.159 INFO [http-nio-8080-exec-1]s.d.s.w.readers.operation.CachingOperationNameGenerator.startingWith:40 -Generating unique operation named: listUsingGET_4
2019-06-05 00:32:39.167 INFO [http-nio-8080-exec-1]s.d.s.w.readers.operation.CachingOperationNameGenerator.startingWith:40 -Generating unique operation named: listByCourseItemIdUsingGET_4
2019-06-05 00:32:39.174 INFO [http-nio-8080-exec-1]s.d.s.w.readers.operation.CachingOperationNameGenerator.startingWith:40 -Generating unique operation named: receiveUsingGET_9
2019-06-05 00:32:39.183 INFO [http-nio-8080-exec-1]s.d.s.w.readers.operation.CachingOperationNameGenerator.startingWith:40 -Generating unique operation named: daodiUsingGET_1
2019-06-05 00:32:39.190 INFO [http-nio-8080-exec-1]s.d.s.w.readers.operation.CachingOperationNameGenerator.startingWith:40 -Generating unique operation named: weishenmeUsingGET_1
2019-06-05 00:32:39.196 INFO [http-nio-8080-exec-1]s.d.s.w.readers.operation.CachingOperationNameGenerator.startingWith:40 -Generating unique operation named: downloadUsingGET_4
2019-06-05 00:32:39.202 INFO [http-nio-8080-exec-1]s.d.s.w.readers.operation.CachingOperationNameGenerator.startingWith:40 -Generating unique operation named: createUsingPOST_22
2019-06-05 00:32:39.209 INFO [http-nio-8080-exec-1]s.d.s.w.readers.operation.CachingOperationNameGenerator.startingWith:40 -Generating unique operation named: createUsingPOST_23
2019-06-05 00:32:39.215 INFO [http-nio-8080-exec-1]s.d.s.w.readers.operation.CachingOperationNameGenerator.startingWith:40 -Generating unique operation named: createUsingPOST_24
2019-06-05 00:34:55.646 WARN [http-nio-8080-exec-7]org.mybatis.spring.mapper.ClassPathMapperScanner.warn:44 -No MyBatis mapper was found in '[edu.uni.*.mapper]' package. Please check your configuration.
2019-06-05 00:34:55.680 INFO [http-nio-8080-exec-7]o.s.d.repository.config.RepositoryConfigurationDelegate.registerRepositoriesIn:126 -Bootstrapping Spring Data repositories in DEFAULT mode.
2019-06-05 00:34:55.703 INFO [http-nio-8080-exec-7]o.s.d.repository.config.RepositoryConfigurationDelegate.registerRepositoriesIn:182 -Finished Spring Data repository scanning in 23ms. Found 0 repository interfaces.
2019-06-05 00:34:56.194 INFO [http-nio-8080-exec-1]s.d.spring.web.scanners.ApiListingReferenceScanner.scan:41 -Scanning for api listing references
2019-06-05 00:34:56.215 INFO [http-nio-8080-exec-1]s.d.s.w.readers.operation.CachingOperationNameGenerator.startingWith:40 -Generating unique operation named: Display2FUsingGET_5
2019-06-05 00:34:56.228 INFO [http-nio-8080-exec-1]s.d.s.w.readers.operation.CachingOperationNameGenerator.startingWith:40 -Generating unique operation named: createUsingPOST_25
2019-06-05 00:34:56.241 INFO [http-nio-8080-exec-1]s.d.s.w.readers.operation.CachingOperationNameGenerator.startingWith:40 -Generating unique operation named: findItemUsingGET_5
2019-06-05 00:34:56.251 INFO [http-nio-8080-exec-1]s.d.s.w.readers.operation.CachingOperationNameGenerator.startingWith:40 -Generating unique operation named: receiveUsingGET_10
2019-06-05 00:34:56.260 INFO [http-nio-8080-exec-1]s.d.s.w.readers.operation.CachingOperationNameGenerator.startingWith:40 -Generating unique operation named: searchForUsingGET_5
2019-06-05 00:34:56.269 INFO [http-nio-8080-exec-1]s.d.s.w.readers.operation.CachingOperationNameGenerator.startingWith:40 -Generating unique operation named: selectAllUsingGET_5
2019-06-05 00:34:56.280 INFO [http-nio-8080-exec-1]s.d.s.w.readers.operation.CachingOperationNameGenerator.startingWith:40 -Generating unique operation named: TreeList2FrontUsingGET_5
2019-06-05 00:34:56.291 INFO [http-nio-8080-exec-1]s.d.s.w.readers.operation.CachingOperationNameGenerator.startingWith:40 -Generating unique operation named: createUsingPOST_26
2019-06-05 00:34:56.301 INFO [http-nio-8080-exec-1]s.d.s.w.readers.operation.CachingOperationNameGenerator.startingWith:40 -Generating unique operation named: executeUploadUsingGET_10
2019-06-05 00:34:56.313 INFO [http-nio-8080-exec-1]s.d.s.w.readers.operation.CachingOperationNameGenerator.startingWith:40 -Generating unique operation named: executeUploadUsingGET_11
2019-06-05 00:34:56.321 INFO [http-nio-8080-exec-1]s.d.s.w.readers.operation.CachingOperationNameGenerator.startingWith:40 -Generating unique operation named: listUsingGET_5
2019-06-05 00:34:56.330 INFO [http-nio-8080-exec-1]s.d.s.w.readers.operation.CachingOperationNameGenerator.startingWith:40 -Generating unique operation named: listByCourseItemIdUsingGET_5
2019-06-05 00:34:56.339 INFO [http-nio-8080-exec-1]s.d.s.w.readers.operation.CachingOperationNameGenerator.startingWith:40 -Generating unique operation named: receiveUsingGET_11
2019-06-05 00:34:56.348 INFO [http-nio-8080-exec-1]s.d.s.w.readers.operation.CachingOperationNameGenerator.startingWith:40 -Generating unique operation named: daodiUsingGET_2
2019-06-05 00:34:56.358 INFO [http-nio-8080-exec-1]s.d.s.w.readers.operation.CachingOperationNameGenerator.startingWith:40 -Generating unique operation named: weishenmeUsingGET_2
2019-06-05 00:34:56.363 INFO [http-nio-8080-exec-1]s.d.s.w.readers.operation.CachingOperationNameGenerator.startingWith:40 -Generating unique operation named: downloadUsingGET_5
2019-06-05 00:34:56.371 INFO [http-nio-8080-exec-1]s.d.s.w.readers.operation.CachingOperationNameGenerator.startingWith:40 -Generating unique operation named: createUsingPOST_27
2019-06-05 00:34:56.379 INFO [http-nio-8080-exec-1]s.d.s.w.readers.operation.CachingOperationNameGenerator.startingWith:40 -Generating unique operation named: createUsingPOST_28
2019-06-05 00:34:56.386 INFO [http-nio-8080-exec-1]s.d.s.w.readers.operation.CachingOperationNameGenerator.startingWith:40 -Generating unique operation named: createUsingPOST_29
2019-06-05 00:36:42.019 WARN [http-nio-8080-exec-5]org.mybatis.spring.mapper.ClassPathMapperScanner.warn:44 -No MyBatis mapper was found in '[edu.uni.*.mapper]' package. Please check your configuration.
2019-06-05 00:36:42.061 INFO [http-nio-8080-exec-5]o.s.d.repository.config.RepositoryConfigurationDelegate.registerRepositoriesIn:126 -Bootstrapping Spring Data repositories in DEFAULT mode.
2019-06-05 00:36:42.085 INFO [http-nio-8080-exec-5]o.s.d.repository.config.RepositoryConfigurationDelegate.registerRepositoriesIn:182 -Finished Spring Data repository scanning in 23ms. Found 0 repository interfaces.
2019-06-05 00:36:42.560 INFO [http-nio-8080-exec-8]s.d.spring.web.scanners.ApiListingReferenceScanner.scan:41 -Scanning for api listing references
2019-06-05 00:36:42.580 INFO [http-nio-8080-exec-8]s.d.s.w.readers.operation.CachingOperationNameGenerator.startingWith:40 -Generating unique operation named: Display2FUsingGET_6
2019-06-05 00:36:42.589 INFO [http-nio-8080-exec-8]s.d.s.w.readers.operation.CachingOperationNameGenerator.startingWith:40 -Generating unique operation named: createUsingPOST_30
2019-06-05 00:36:42.601 INFO [http-nio-8080-exec-8]s.d.s.w.readers.operation.CachingOperationNameGenerator.startingWith:40 -Generating unique operation named: findItemUsingGET_6
2019-06-05 00:36:42.612 INFO [http-nio-8080-exec-8]s.d.s.w.readers.operation.CachingOperationNameGenerator.startingWith:40 -Generating unique operation named: receiveUsingGET_12
2019-06-05 00:36:42.621 INFO [http-nio-8080-exec-8]s.d.s.w.readers.operation.CachingOperationNameGenerator.startingWith:40 -Generating unique operation named: searchForUsingGET_6
2019-06-05 00:36:42.634 INFO [http-nio-8080-exec-8]s.d.s.w.readers.operation.CachingOperationNameGenerator.startingWith:40 -Generating unique operation named: selectAllUsingGET_6
2019-06-05 00:36:42.647 INFO [http-nio-8080-exec-8]s.d.s.w.readers.operation.CachingOperationNameGenerator.startingWith:40 -Generating unique operation named: TreeList2FrontUsingGET_6
2019-06-05 00:36:42.657 INFO [http-nio-8080-exec-8]s.d.s.w.readers.operation.CachingOperationNameGenerator.startingWith:40 -Generating unique operation named: createUsingPOST_31
2019-06-05 00:36:42.667 INFO [http-nio-8080-exec-8]s.d.s.w.readers.operation.CachingOperationNameGenerator.startingWith:40 -Generating unique operation named: executeUploadUsingGET_12
2019-06-05 00:36:42.677 INFO [http-nio-8080-exec-8]s.d.s.w.readers.operation.CachingOperationNameGenerator.startingWith:40 -Generating unique operation named: executeUploadUsingGET_13
2019-06-05 00:36:42.686 INFO [http-nio-8080-exec-8]s.d.s.w.readers.operation.CachingOperationNameGenerator.startingWith:40 -Generating unique operation named: listUsingGET_6
2019-06-05 00:36:42.696 INFO [http-nio-8080-exec-8]s.d.s.w.readers.operation.CachingOperationNameGenerator.startingWith:40 -Generating unique operation named: listByCourseItemIdUsingGET_6
2019-06-05 00:36:42.706 INFO [http-nio-8080-exec-8]s.d.s.w.readers.operation.CachingOperationNameGenerator.startingWith:40 -Generating unique operation named: receiveUsingGET_13
2019-06-05 00:36:42.718 INFO [http-nio-8080-exec-8]s.d.s.w.readers.operation.CachingOperationNameGenerator.startingWith:40 -Generating unique operation named: daodiUsingGET_3
2019-06-05 00:36:42.727 INFO [http-nio-8080-exec-8]s.d.s.w.readers.operation.CachingOperationNameGenerator.startingWith:40 -Generating unique operation named: weishenmeUsingGET_3
2019-06-05 00:36:42.734 INFO [http-nio-8080-exec-8]s.d.s.w.readers.operation.CachingOperationNameGenerator.startingWith:40 -Generating unique operation named: downloadUsingGET_6
2019-06-05 00:36:42.741 INFO [http-nio-8080-exec-8]s.d.s.w.readers.operation.CachingOperationNameGenerator.startingWith:40 -Generating unique operation named: createUsingPOST_32
2019-06-05 00:36:42.750 INFO [http-nio-8080-exec-8]s.d.s.w.readers.operation.CachingOperationNameGenerator.startingWith:40 -Generating unique operation named: createUsingPOST_33
2019-06-05 00:36:42.759 INFO [http-nio-8080-exec-8]s.d.s.w.readers.operation.CachingOperationNameGenerator.startingWith:40 -Generating unique operation named: createUsingPOST_34
2019-06-05 00:47:39.886 WARN [http-nio-8080-exec-4]org.mybatis.spring.mapper.ClassPathMapperScanner.warn:44 -No MyBatis mapper was found in '[edu.uni.*.mapper]' package. Please check your configuration.
2019-06-05 00:47:39.931 INFO [http-nio-8080-exec-4]o.s.d.repository.config.RepositoryConfigurationDelegate.registerRepositoriesIn:126 -Bootstrapping Spring Data repositories in DEFAULT mode.
2019-06-05 00:47:39.953 INFO [http-nio-8080-exec-4]o.s.d.repository.config.RepositoryConfigurationDelegate.registerRepositoriesIn:182 -Finished Spring Data repository scanning in 22ms. Found 0 repository interfaces.
2019-06-05 00:47:40.280 INFO [http-nio-8080-exec-6]s.d.spring.web.scanners.ApiListingReferenceScanner.scan:41 -Scanning for api listing references
2019-06-05 00:47:40.298 INFO [http-nio-8080-exec-6]s.d.s.w.readers.operation.CachingOperationNameGenerator.startingWith:40 -Generating unique operation named: Display2FUsingGET_7
2019-06-05 00:47:40.307 INFO [http-nio-8080-exec-6]s.d.s.w.readers.operation.CachingOperationNameGenerator.startingWith:40 -Generating unique operation named: createUsingPOST_35
2019-06-05 00:47:40.316 INFO [http-nio-8080-exec-6]s.d.s.w.readers.operation.CachingOperationNameGenerator.startingWith:40 -Generating unique operation named: findItemUsingGET_7
2019-06-05 00:47:40.324 INFO [http-nio-8080-exec-6]s.d.s.w.readers.operation.CachingOperationNameGenerator.startingWith:40 -Generating unique operation named: receiveUsingGET_14
2019-06-05 00:47:40.332 INFO [http-nio-8080-exec-6]s.d.s.w.readers.operation.CachingOperationNameGenerator.startingWith:40 -Generating unique operation named: searchForUsingGET_7
2019-06-05 00:47:40.340 INFO [http-nio-8080-exec-6]s.d.s.w.readers.operation.CachingOperationNameGenerator.startingWith:40 -Generating unique operation named: selectAllUsingGET_7
2019-06-05 00:47:40.349 INFO [http-nio-8080-exec-6]s.d.s.w.readers.operation.CachingOperationNameGenerator.startingWith:40 -Generating unique operation named: TreeList2FrontUsingGET_7
2019-06-05 00:47:40.357 INFO [http-nio-8080-exec-6]s.d.s.w.readers.operation.CachingOperationNameGenerator.startingWith:40 -Generating unique operation named: createUsingPOST_36
2019-06-05 00:47:40.365 INFO [http-nio-8080-exec-6]s.d.s.w.readers.operation.CachingOperationNameGenerator.startingWith:40 -Generating unique operation named: executeUploadUsingGET_14
2019-06-05 00:47:40.372 INFO [http-nio-8080-exec-6]s.d.s.w.readers.operation.CachingOperationNameGenerator.startingWith:40 -Generating unique operation named: executeUploadUsingGET_15
2019-06-05 00:47:40.380 INFO [http-nio-8080-exec-6]s.d.s.w.readers.operation.CachingOperationNameGenerator.startingWith:40 -Generating unique operation named: listUsingGET_7
2019-06-05 00:47:40.388 INFO [http-nio-8080-exec-6]s.d.s.w.readers.operation.CachingOperationNameGenerator.startingWith:40 -Generating unique operation named: listByCourseItemIdUsingGET_7
2019-06-05 00:47:40.399 INFO [http-nio-8080-exec-6]s.d.s.w.readers.operation.CachingOperationNameGenerator.startingWith:40 -Generating unique operation named: receiveUsingGET_15
2019-06-05 00:47:40.409 INFO [http-nio-8080-exec-6]s.d.s.w.readers.operation.CachingOperationNameGenerator.startingWith:40 -Generating unique operation named: daodiUsingGET_4
2019-06-05 00:47:40.416 INFO [http-nio-8080-exec-6]s.d.s.w.readers.operation.CachingOperationNameGenerator.startingWith:40 -Generating unique operation named: weishenmeUsingGET_4
2019-06-05 00:47:40.421 INFO [http-nio-8080-exec-6]s.d.s.w.readers.operation.CachingOperationNameGenerator.startingWith:40 -Generating unique operation named: downloadUsingGET_7
2019-06-05 00:47:40.428 INFO [http-nio-8080-exec-6]s.d.s.w.readers.operation.CachingOperationNameGenerator.startingWith:40 -Generating unique operation named: createUsingPOST_37
2019-06-05 00:47:40.435 INFO [http-nio-8080-exec-6]s.d.s.w.readers.operation.CachingOperationNameGenerator.startingWith:40 -Generating unique operation named: createUsingPOST_38
2019-06-05 00:47:40.441 INFO [http-nio-8080-exec-6]s.d.s.w.readers.operation.CachingOperationNameGenerator.startingWith:40 -Generating unique operation named: createUsingPOST_39
