2019-06-04 14:47:28.123 INFO [main]edu.uni.UniApplication.logStarting:50 -Starting UniApplication on Captain-MacBook-Pro.local with PID 1499 (/Users/captain/Codes/uni/target/classes started by captain in /Users/captain/Codes/uni)
2019-06-04 14:47:28.129 INFO [main]edu.uni.UniApplication.logStartupProfileInfo:675 -No active profile set, falling back to default profiles: default
2019-06-04 14:47:30.607 INFO [main]o.s.d.repository.config.RepositoryConfigurationDelegate.multipleStoresDetected:244 -Multiple Spring Data modules found, entering strict repository configuration mode!
2019-06-04 14:47:30.613 INFO [main]o.s.d.repository.config.RepositoryConfigurationDelegate.registerRepositoriesIn:126 -Bootstrapping Spring Data repositories in DEFAULT mode.
2019-06-04 14:47:30.824 INFO [main]o.s.d.repository.config.RepositoryConfigurationDelegate.registerRepositoriesIn:182 -Finished Spring Data repository scanning in 132ms. Found 0 repository interfaces.
2019-06-04 14:47:31.655 INFO [main]o.s.c.s.PostProcessorRegistrationDelegate$BeanPostProcessorChecker.postProcessAfterInitialization:330 -Bean 'druidConfiguration' of type [edu.uni.config.DruidConfiguration$$EnhancerBySpringCGLIB$$fb6ee2d3] is not eligible for getting processed by all BeanPostProcessors (for example: not eligible for auto-proxying)
2019-06-04 14:47:31.804 INFO [main]o.s.c.s.PostProcessorRegistrationDelegate$BeanPostProcessorChecker.postProcessAfterInitialization:330 -Bean 'org.springframework.transaction.annotation.ProxyTransactionManagementConfiguration' of type [org.springframework.transaction.annotation.ProxyTransactionManagementConfiguration$$EnhancerBySpringCGLIB$$20753a84] is not eligible for getting processed by all BeanPostProcessors (for example: not eligible for auto-proxying)
2019-06-04 14:47:32.694 INFO [main]o.s.boot.web.embedded.tomcat.TomcatWebServer.initialize:90 -Tomcat initialized with port(s): 8080 (http)
2019-06-04 14:47:32.819 INFO [main]org.apache.coyote.http11.Http11NioProtocol.log:173 -Initializing ProtocolHandler ["http-nio-8080"]
2019-06-04 14:47:32.837 INFO [main]org.apache.catalina.core.StandardService.log:173 -Starting service [Tomcat]
2019-06-04 14:47:32.837 INFO [main]org.apache.catalina.core.StandardEngine.log:173 -Starting Servlet engine: [Apache Tomcat/9.0.16]
2019-06-04 14:47:32.861 INFO [main]org.apache.catalina.core.AprLifecycleListener.log:173 -The APR based Apache Tomcat Native library which allows optimal performance in production environments was not found on the java.library.path: [/Users/captain/Library/Java/Extensions:/Library/Java/Extensions:/Network/Library/Java/Extensions:/System/Library/Java/Extensions:/usr/lib/java:.]
2019-06-04 14:47:33.217 INFO [main]o.a.catalina.core.ContainerBase.[Tomcat].[localhost].[/].log:173 -Initializing Spring embedded WebApplicationContext
2019-06-04 14:47:33.217 INFO [main]org.springframework.web.context.ContextLoader.prepareWebApplicationContext:296 -Root WebApplicationContext: initialization completed in 4968 ms
2019-06-04 14:47:34.969 WARN [main]o.s.b.w.s.c.AnnotationConfigServletWebServerApplicationContext.__refresh:557 -Exception encountered during context initialization - cancelling refresh attempt: org.springframework.beans.factory.UnsatisfiedDependencyException: Error creating bean with name 'classServiceImpl': Unsatisfied dependency expressed through field 'classMapper'; nested exception is org.springframework.beans.factory.UnsatisfiedDependencyException: Error creating bean with name 'classMapper' defined in file [/Users/captain/Codes/uni/target/classes/edu/uni/administrativestructure/mapper/ClassMapper.class]: Unsatisfied dependency expressed through bean property 'sqlSessionFactory'; nested exception is org.springframework.beans.factory.BeanCreationException: Error creating bean with name 'sqlSessionFactory' defined in class path resource [org/mybatis/spring/boot/autoconfigure/MybatisAutoConfiguration.class]: Bean instantiation via factory method failed; nested exception is org.springframework.beans.BeanInstantiationException: Failed to instantiate [org.apache.ibatis.session.SqlSessionFactory]: Factory method 'sqlSessionFactory' threw exception; nested exception is org.springframework.core.NestedIOException: Failed to parse mapping resource: 'file [/Users/captain/Codes/uni/target/classes/mybatis/mapper/educateaffair/CurriculumMapper.xml]'; nested exception is org.apache.ibatis.builder.BuilderException: Error parsing Mapper XML. The XML location is 'file [/Users/captain/Codes/uni/target/classes/mybatis/mapper/educateaffair/CurriculumMapper.xml]'. Cause: org.apache.ibatis.builder.BuilderException: Error resolving class. Cause: org.apache.ibatis.type.TypeException: Could not resolve type alias 'edu.uni.educateAffair.VO.InputCurriculumVO'.  Cause: java.lang.ClassNotFoundException: Cannot find class: edu.uni.educateAffair.VO.InputCurriculumVO
2019-06-04 14:47:34.979 INFO [main]org.apache.catalina.core.StandardService.log:173 -Stopping service [Tomcat]
2019-06-04 14:47:35.021 INFO [main]o.s.b.a.logging.ConditionEvaluationReportLoggingListener.logMessage:142 -

Error starting ApplicationContext. To display the conditions report re-run your application with 'debug' enabled.
2019-06-04 14:54:23.921 INFO [main]edu.uni.UniApplication.logStarting:50 -Starting UniApplication on Captain-MacBook-Pro.local with PID 1546 (/Users/captain/Codes/uni/target/classes started by captain in /Users/captain/Codes/uni)
2019-06-04 14:54:23.932 INFO [main]edu.uni.UniApplication.logStartupProfileInfo:675 -No active profile set, falling back to default profiles: default
2019-06-04 14:54:25.850 INFO [main]o.s.d.repository.config.RepositoryConfigurationDelegate.multipleStoresDetected:244 -Multiple Spring Data modules found, entering strict repository configuration mode!
2019-06-04 14:54:25.856 INFO [main]o.s.d.repository.config.RepositoryConfigurationDelegate.registerRepositoriesIn:126 -Bootstrapping Spring Data repositories in DEFAULT mode.
2019-06-04 14:54:25.959 INFO [main]o.s.d.repository.config.RepositoryConfigurationDelegate.registerRepositoriesIn:182 -Finished Spring Data repository scanning in 69ms. Found 0 repository interfaces.
2019-06-04 14:54:26.721 INFO [main]o.s.c.s.PostProcessorRegistrationDelegate$BeanPostProcessorChecker.postProcessAfterInitialization:330 -Bean 'druidConfiguration' of type [edu.uni.config.DruidConfiguration$$EnhancerBySpringCGLIB$$4a128d82] is not eligible for getting processed by all BeanPostProcessors (for example: not eligible for auto-proxying)
2019-06-04 14:54:26.967 INFO [main]o.s.c.s.PostProcessorRegistrationDelegate$BeanPostProcessorChecker.postProcessAfterInitialization:330 -Bean 'org.springframework.transaction.annotation.ProxyTransactionManagementConfiguration' of type [org.springframework.transaction.annotation.ProxyTransactionManagementConfiguration$$EnhancerBySpringCGLIB$$6f18e533] is not eligible for getting processed by all BeanPostProcessors (for example: not eligible for auto-proxying)
2019-06-04 14:54:27.691 INFO [main]o.s.boot.web.embedded.tomcat.TomcatWebServer.initialize:90 -Tomcat initialized with port(s): 8080 (http)
2019-06-04 14:54:27.727 INFO [main]org.apache.coyote.http11.Http11NioProtocol.log:173 -Initializing ProtocolHandler ["http-nio-8080"]
2019-06-04 14:54:27.749 INFO [main]org.apache.catalina.core.StandardService.log:173 -Starting service [Tomcat]
2019-06-04 14:54:27.749 INFO [main]org.apache.catalina.core.StandardEngine.log:173 -Starting Servlet engine: [Apache Tomcat/9.0.16]
2019-06-04 14:54:27.759 INFO [main]org.apache.catalina.core.AprLifecycleListener.log:173 -The APR based Apache Tomcat Native library which allows optimal performance in production environments was not found on the java.library.path: [/Users/captain/Library/Java/Extensions:/Library/Java/Extensions:/Network/Library/Java/Extensions:/System/Library/Java/Extensions:/usr/lib/java:.]
2019-06-04 14:54:27.958 INFO [main]o.a.catalina.core.ContainerBase.[Tomcat].[localhost].[/].log:173 -Initializing Spring embedded WebApplicationContext
2019-06-04 14:54:27.959 INFO [main]org.springframework.web.context.ContextLoader.prepareWebApplicationContext:296 -Root WebApplicationContext: initialization completed in 3875 ms
2019-06-04 14:54:29.424 WARN [main]o.s.b.w.s.c.AnnotationConfigServletWebServerApplicationContext.__refresh:557 -Exception encountered during context initialization - cancelling refresh attempt: org.springframework.beans.factory.UnsatisfiedDependencyException: Error creating bean with name 'classServiceImpl': Unsatisfied dependency expressed through field 'classMapper'; nested exception is org.springframework.beans.factory.UnsatisfiedDependencyException: Error creating bean with name 'classMapper' defined in file [/Users/captain/Codes/uni/target/classes/edu/uni/administrativestructure/mapper/ClassMapper.class]: Unsatisfied dependency expressed through bean property 'sqlSessionFactory'; nested exception is org.springframework.beans.factory.BeanCreationException: Error creating bean with name 'sqlSessionFactory' defined in class path resource [org/mybatis/spring/boot/autoconfigure/MybatisAutoConfiguration.class]: Bean instantiation via factory method failed; nested exception is org.springframework.beans.BeanInstantiationException: Failed to instantiate [org.apache.ibatis.session.SqlSessionFactory]: Factory method 'sqlSessionFactory' threw exception; nested exception is org.springframework.core.NestedIOException: Failed to parse mapping resource: 'file [/Users/captain/Codes/uni/target/classes/mybatis/mapper/educateaffair/CurriculumMapper.xml]'; nested exception is org.apache.ibatis.builder.BuilderException: Error parsing Mapper XML. The XML location is 'file [/Users/captain/Codes/uni/target/classes/mybatis/mapper/educateaffair/CurriculumMapper.xml]'. Cause: org.apache.ibatis.builder.BuilderException: Error resolving class. Cause: org.apache.ibatis.type.TypeException: Could not resolve type alias 'edu.uni.educateAffair.VO.InputCurriculumVO'.  Cause: java.lang.ClassNotFoundException: Cannot find class: edu.uni.educateAffair.VO.InputCurriculumVO
2019-06-04 14:54:29.438 INFO [main]org.apache.catalina.core.StandardService.log:173 -Stopping service [Tomcat]
2019-06-04 14:54:29.482 INFO [main]o.s.b.a.logging.ConditionEvaluationReportLoggingListener.logMessage:142 -

Error starting ApplicationContext. To display the conditions report re-run your application with 'debug' enabled.
2019-06-04 14:56:16.081 INFO [main]edu.uni.UniApplication.logStarting:50 -Starting UniApplication on Captain-MacBook-Pro.local with PID 1599 (/Users/captain/Codes/uni/target/classes started by captain in /Users/captain/Codes/uni)
2019-06-04 14:56:16.087 INFO [main]edu.uni.UniApplication.logStartupProfileInfo:675 -No active profile set, falling back to default profiles: default
2019-06-04 14:56:17.995 INFO [main]o.s.d.repository.config.RepositoryConfigurationDelegate.multipleStoresDetected:244 -Multiple Spring Data modules found, entering strict repository configuration mode!
2019-06-04 14:56:17.998 INFO [main]o.s.d.repository.config.RepositoryConfigurationDelegate.registerRepositoriesIn:126 -Bootstrapping Spring Data repositories in DEFAULT mode.
2019-06-04 14:56:18.195 INFO [main]o.s.d.repository.config.RepositoryConfigurationDelegate.registerRepositoriesIn:182 -Finished Spring Data repository scanning in 167ms. Found 0 repository interfaces.
2019-06-04 14:56:18.864 INFO [main]o.s.c.s.PostProcessorRegistrationDelegate$BeanPostProcessorChecker.postProcessAfterInitialization:330 -Bean 'druidConfiguration' of type [edu.uni.config.DruidConfiguration$$EnhancerBySpringCGLIB$$462e5248] is not eligible for getting processed by all BeanPostProcessors (for example: not eligible for auto-proxying)
2019-06-04 14:56:18.970 INFO [main]o.s.c.s.PostProcessorRegistrationDelegate$BeanPostProcessorChecker.postProcessAfterInitialization:330 -Bean 'org.springframework.transaction.annotation.ProxyTransactionManagementConfiguration' of type [org.springframework.transaction.annotation.ProxyTransactionManagementConfiguration$$EnhancerBySpringCGLIB$$6b34a9f9] is not eligible for getting processed by all BeanPostProcessors (for example: not eligible for auto-proxying)
2019-06-04 14:56:19.491 INFO [main]o.s.boot.web.embedded.tomcat.TomcatWebServer.initialize:90 -Tomcat initialized with port(s): 8080 (http)
2019-06-04 14:56:19.513 INFO [main]org.apache.coyote.http11.Http11NioProtocol.log:173 -Initializing ProtocolHandler ["http-nio-8080"]
2019-06-04 14:56:19.526 INFO [main]org.apache.catalina.core.StandardService.log:173 -Starting service [Tomcat]
2019-06-04 14:56:19.527 INFO [main]org.apache.catalina.core.StandardEngine.log:173 -Starting Servlet engine: [Apache Tomcat/9.0.16]
2019-06-04 14:56:19.534 INFO [main]org.apache.catalina.core.AprLifecycleListener.log:173 -The APR based Apache Tomcat Native library which allows optimal performance in production environments was not found on the java.library.path: [/Users/captain/Library/Java/Extensions:/Library/Java/Extensions:/Network/Library/Java/Extensions:/System/Library/Java/Extensions:/usr/lib/java:.]
2019-06-04 14:56:19.665 INFO [main]o.a.catalina.core.ContainerBase.[Tomcat].[localhost].[/].log:173 -Initializing Spring embedded WebApplicationContext
2019-06-04 14:56:19.666 INFO [main]org.springframework.web.context.ContextLoader.prepareWebApplicationContext:296 -Root WebApplicationContext: initialization completed in 3456 ms
2019-06-04 14:56:22.462 INFO [main]o.s.scheduling.concurrent.ThreadPoolTaskExecutor.initialize:171 -Initializing ExecutorService 'applicationTaskExecutor'
2019-06-04 14:56:23.047 INFO [main]s.d.spring.web.plugins.DocumentationPluginsBootstrapper.start:120 -Context refreshed
2019-06-04 14:56:23.083 INFO [main]s.d.spring.web.plugins.DocumentationPluginsBootstrapper.start:123 -Found 1 custom documentation plugin(s)
2019-06-04 14:56:23.106 INFO [main]s.d.spring.web.scanners.ApiListingReferenceScanner.scan:41 -Scanning for api listing references
2019-06-04 14:56:23.423 INFO [main]s.d.s.w.readers.operation.CachingOperationNameGenerator.startingWith:40 -Generating unique operation named: createUsingPOST_1
2019-06-04 14:56:23.436 INFO [main]s.d.s.w.readers.operation.CachingOperationNameGenerator.startingWith:40 -Generating unique operation named: executeUploadUsingGET_1
2019-06-04 14:56:23.451 INFO [main]s.d.s.w.readers.operation.CachingOperationNameGenerator.startingWith:40 -Generating unique operation named: receiveUsingGET_1
2019-06-04 14:56:23.465 INFO [main]s.d.s.w.readers.operation.CachingOperationNameGenerator.startingWith:40 -Generating unique operation named: createUsingPOST_2
2019-06-04 14:56:23.472 INFO [main]s.d.s.w.readers.operation.CachingOperationNameGenerator.startingWith:40 -Generating unique operation named: createUsingPOST_3
2019-06-04 14:56:23.479 INFO [main]s.d.s.w.readers.operation.CachingOperationNameGenerator.startingWith:40 -Generating unique operation named: createUsingPOST_4
2019-06-04 14:56:23.513 INFO [main]org.apache.coyote.http11.Http11NioProtocol.log:173 -Starting ProtocolHandler ["http-nio-8080"]
2019-06-04 14:56:23.561 INFO [main]o.s.boot.web.embedded.tomcat.TomcatWebServer.start:204 -Tomcat started on port(s): 8080 (http) with context path ''
2019-06-04 14:56:23.567 INFO [main]edu.uni.UniApplication.logStarted:59 -Started UniApplication in 8.611 seconds (JVM running for 13.566)
2019-06-04 14:59:22.454 INFO [http-nio-8080-exec-1]o.a.catalina.core.ContainerBase.[Tomcat].[localhost].[/].log:173 -Initializing Spring DispatcherServlet 'dispatcherServlet'
2019-06-04 14:59:22.456 INFO [http-nio-8080-exec-1]org.springframework.web.servlet.DispatcherServlet.initServletBean:524 -Initializing Servlet 'dispatcherServlet'
2019-06-04 14:59:22.473 INFO [http-nio-8080-exec-1]org.springframework.web.servlet.DispatcherServlet.initServletBean:546 -Completed initialization in 17 ms
2019-06-04 15:59:57.589 INFO [http-nio-8080-exec-5]o.s.d.repository.config.RepositoryConfigurationDelegate.registerRepositoriesIn:126 -Bootstrapping Spring Data repositories in DEFAULT mode.
2019-06-04 15:59:57.627 INFO [http-nio-8080-exec-5]o.s.d.repository.config.RepositoryConfigurationDelegate.registerRepositoriesIn:182 -Finished Spring Data repository scanning in 36ms. Found 0 repository interfaces.
2019-06-04 16:13:37.625 WARN [http-nio-8080-exec-6]org.mybatis.spring.mapper.ClassPathMapperScanner.warn:44 -No MyBatis mapper was found in '[edu.uni.*.mapper]' package. Please check your configuration.
2019-06-04 16:13:37.681 INFO [http-nio-8080-exec-6]o.s.d.repository.config.RepositoryConfigurationDelegate.registerRepositoriesIn:126 -Bootstrapping Spring Data repositories in DEFAULT mode.
2019-06-04 16:13:37.715 INFO [http-nio-8080-exec-6]o.s.d.repository.config.RepositoryConfigurationDelegate.registerRepositoriesIn:182 -Finished Spring Data repository scanning in 33ms. Found 0 repository interfaces.
2019-06-04 16:37:18.195 WARN [http-nio-8080-exec-7]org.mybatis.spring.mapper.ClassPathMapperScanner.warn:44 -No MyBatis mapper was found in '[edu.uni.*.mapper]' package. Please check your configuration.
2019-06-04 16:37:18.236 INFO [http-nio-8080-exec-7]o.s.d.repository.config.RepositoryConfigurationDelegate.registerRepositoriesIn:126 -Bootstrapping Spring Data repositories in DEFAULT mode.
2019-06-04 16:37:18.259 INFO [http-nio-8080-exec-7]o.s.d.repository.config.RepositoryConfigurationDelegate.registerRepositoriesIn:182 -Finished Spring Data repository scanning in 23ms. Found 0 repository interfaces.
2019-06-04 16:48:13.256 INFO [http-nio-8080-exec-8]s.d.spring.web.scanners.ApiListingReferenceScanner.scan:41 -Scanning for api listing references
2019-06-04 16:48:13.291 INFO [http-nio-8080-exec-8]s.d.s.w.readers.operation.CachingOperationNameGenerator.startingWith:40 -Generating unique operation named: Display2FUsingGET_1
2019-06-04 16:48:13.372 INFO [http-nio-8080-exec-8]s.d.s.w.readers.operation.CachingOperationNameGenerator.startingWith:40 -Generating unique operation named: createUsingPOST_5
2019-06-04 16:48:13.400 INFO [http-nio-8080-exec-8]s.d.s.w.readers.operation.CachingOperationNameGenerator.startingWith:40 -Generating unique operation named: receiveUsingGET_2
2019-06-04 16:48:13.410 INFO [http-nio-8080-exec-8]s.d.s.w.readers.operation.CachingOperationNameGenerator.startingWith:40 -Generating unique operation named: searchForUsingGET_1
2019-06-04 16:48:13.422 INFO [http-nio-8080-exec-8]s.d.s.w.readers.operation.CachingOperationNameGenerator.startingWith:40 -Generating unique operation named: selectAllUsingGET_1
2019-06-04 16:48:13.438 INFO [http-nio-8080-exec-8]s.d.s.w.readers.operation.CachingOperationNameGenerator.startingWith:40 -Generating unique operation named: TreeList2FrontUsingGET_1
2019-06-04 16:48:13.451 INFO [http-nio-8080-exec-8]s.d.s.w.readers.operation.CachingOperationNameGenerator.startingWith:40 -Generating unique operation named: createUsingPOST_6
2019-06-04 16:48:13.464 INFO [http-nio-8080-exec-8]s.d.s.w.readers.operation.CachingOperationNameGenerator.startingWith:40 -Generating unique operation named: executeUploadUsingGET_2
2019-06-04 16:48:13.475 INFO [http-nio-8080-exec-8]s.d.s.w.readers.operation.CachingOperationNameGenerator.startingWith:40 -Generating unique operation named: executeUploadUsingGET_3
2019-06-04 16:48:13.484 INFO [http-nio-8080-exec-8]s.d.s.w.readers.operation.CachingOperationNameGenerator.startingWith:40 -Generating unique operation named: listUsingGET_1
2019-06-04 16:48:13.495 INFO [http-nio-8080-exec-8]s.d.s.w.readers.operation.CachingOperationNameGenerator.startingWith:40 -Generating unique operation named: listByCourseItemIdUsingGET_1
2019-06-04 16:48:13.504 INFO [http-nio-8080-exec-8]s.d.s.w.readers.operation.CachingOperationNameGenerator.startingWith:40 -Generating unique operation named: receiveUsingGET_3
2019-06-04 16:48:13.510 INFO [http-nio-8080-exec-8]s.d.s.w.readers.operation.CachingOperationNameGenerator.startingWith:40 -Generating unique operation named: downloadUsingGET_1
2019-06-04 16:48:13.518 INFO [http-nio-8080-exec-8]s.d.s.w.readers.operation.CachingOperationNameGenerator.startingWith:40 -Generating unique operation named: createUsingPOST_7
2019-06-04 16:48:13.525 INFO [http-nio-8080-exec-8]s.d.s.w.readers.operation.CachingOperationNameGenerator.startingWith:40 -Generating unique operation named: createUsingPOST_8
2019-06-04 16:48:13.533 INFO [http-nio-8080-exec-8]s.d.s.w.readers.operation.CachingOperationNameGenerator.startingWith:40 -Generating unique operation named: createUsingPOST_9
2019-06-04 16:56:50.073 WARN [http-nio-8080-exec-10]org.mybatis.spring.mapper.ClassPathMapperScanner.warn:44 -No MyBatis mapper was found in '[edu.uni.*.mapper]' package. Please check your configuration.
2019-06-04 16:56:50.118 INFO [http-nio-8080-exec-10]o.s.d.repository.config.RepositoryConfigurationDelegate.registerRepositoriesIn:126 -Bootstrapping Spring Data repositories in DEFAULT mode.
2019-06-04 16:56:50.148 INFO [http-nio-8080-exec-10]o.s.d.repository.config.RepositoryConfigurationDelegate.registerRepositoriesIn:182 -Finished Spring Data repository scanning in 29ms. Found 0 repository interfaces.
2019-06-04 17:00:34.003 WARN [http-nio-8080-exec-2]org.mybatis.spring.mapper.ClassPathMapperScanner.warn:44 -No MyBatis mapper was found in '[edu.uni.*.mapper]' package. Please check your configuration.
2019-06-04 17:00:34.056 INFO [http-nio-8080-exec-2]o.s.d.repository.config.RepositoryConfigurationDelegate.registerRepositoriesIn:126 -Bootstrapping Spring Data repositories in DEFAULT mode.
2019-06-04 17:00:34.082 INFO [http-nio-8080-exec-2]o.s.d.repository.config.RepositoryConfigurationDelegate.registerRepositoriesIn:182 -Finished Spring Data repository scanning in 26ms. Found 0 repository interfaces.
2019-06-04 17:07:21.996 WARN [http-nio-8080-exec-6]org.mybatis.spring.mapper.ClassPathMapperScanner.warn:44 -No MyBatis mapper was found in '[edu.uni.*.mapper]' package. Please check your configuration.
2019-06-04 17:07:22.039 INFO [http-nio-8080-exec-6]o.s.d.repository.config.RepositoryConfigurationDelegate.registerRepositoriesIn:126 -Bootstrapping Spring Data repositories in DEFAULT mode.
2019-06-04 17:07:22.062 INFO [http-nio-8080-exec-6]o.s.d.repository.config.RepositoryConfigurationDelegate.registerRepositoriesIn:182 -Finished Spring Data repository scanning in 22ms. Found 0 repository interfaces.
2019-06-04 17:18:06.720 WARN [http-nio-8080-exec-1]org.mybatis.spring.mapper.ClassPathMapperScanner.warn:44 -No MyBatis mapper was found in '[edu.uni.*.mapper]' package. Please check your configuration.
2019-06-04 17:18:06.769 INFO [http-nio-8080-exec-1]o.s.d.repository.config.RepositoryConfigurationDelegate.registerRepositoriesIn:126 -Bootstrapping Spring Data repositories in DEFAULT mode.
2019-06-04 17:18:06.796 INFO [http-nio-8080-exec-1]o.s.d.repository.config.RepositoryConfigurationDelegate.registerRepositoriesIn:182 -Finished Spring Data repository scanning in 26ms. Found 0 repository interfaces.
2019-06-04 18:32:27.728 WARN [http-nio-8080-exec-9]org.mybatis.spring.mapper.ClassPathMapperScanner.warn:44 -No MyBatis mapper was found in '[edu.uni.*.mapper]' package. Please check your configuration.
2019-06-04 18:32:27.782 INFO [http-nio-8080-exec-9]o.s.d.repository.config.RepositoryConfigurationDelegate.registerRepositoriesIn:126 -Bootstrapping Spring Data repositories in DEFAULT mode.
2019-06-04 18:32:27.812 INFO [http-nio-8080-exec-9]o.s.d.repository.config.RepositoryConfigurationDelegate.registerRepositoriesIn:182 -Finished Spring Data repository scanning in 30ms. Found 0 repository interfaces.
2019-06-04 18:32:28.464 INFO [http-nio-8080-exec-6]s.d.spring.web.scanners.ApiListingReferenceScanner.scan:41 -Scanning for api listing references
2019-06-04 18:32:28.482 INFO [http-nio-8080-exec-6]s.d.s.w.readers.operation.CachingOperationNameGenerator.startingWith:40 -Generating unique operation named: Display2FUsingGET_2
2019-06-04 18:32:28.488 INFO [http-nio-8080-exec-6]s.d.s.w.readers.operation.CachingOperationNameGenerator.startingWith:40 -Generating unique operation named: Display2FUsingHEAD_1
2019-06-04 18:32:28.494 INFO [http-nio-8080-exec-6]s.d.s.w.readers.operation.CachingOperationNameGenerator.startingWith:40 -Generating unique operation named: Display2FUsingPOST_1
2019-06-04 18:32:28.500 INFO [http-nio-8080-exec-6]s.d.s.w.readers.operation.CachingOperationNameGenerator.startingWith:40 -Generating unique operation named: Display2FUsingPUT_1
2019-06-04 18:32:28.508 INFO [http-nio-8080-exec-6]s.d.s.w.readers.operation.CachingOperationNameGenerator.startingWith:40 -Generating unique operation named: Display2FUsingPATCH_1
2019-06-04 18:32:28.514 INFO [http-nio-8080-exec-6]s.d.s.w.readers.operation.CachingOperationNameGenerator.startingWith:40 -Generating unique operation named: Display2FUsingDELETE_1
2019-06-04 18:32:28.520 INFO [http-nio-8080-exec-6]s.d.s.w.readers.operation.CachingOperationNameGenerator.startingWith:40 -Generating unique operation named: Display2FUsingOPTIONS_1
2019-06-04 18:32:28.526 INFO [http-nio-8080-exec-6]s.d.s.w.readers.operation.CachingOperationNameGenerator.startingWith:40 -Generating unique operation named: Display2FUsingTRACE_1
2019-06-04 18:32:28.536 INFO [http-nio-8080-exec-6]s.d.s.w.readers.operation.CachingOperationNameGenerator.startingWith:40 -Generating unique operation named: createUsingPOST_10
2019-06-04 18:32:28.546 INFO [http-nio-8080-exec-6]s.d.s.w.readers.operation.CachingOperationNameGenerator.startingWith:40 -Generating unique operation named: findItemUsingGET_1
2019-06-04 18:32:28.556 INFO [http-nio-8080-exec-6]s.d.s.w.readers.operation.CachingOperationNameGenerator.startingWith:40 -Generating unique operation named: receiveUsingGET_4
2019-06-04 18:32:28.565 INFO [http-nio-8080-exec-6]s.d.s.w.readers.operation.CachingOperationNameGenerator.startingWith:40 -Generating unique operation named: searchForUsingGET_2
2019-06-04 18:32:28.573 INFO [http-nio-8080-exec-6]s.d.s.w.readers.operation.CachingOperationNameGenerator.startingWith:40 -Generating unique operation named: selectAllUsingGET_2
2019-06-04 18:32:28.584 INFO [http-nio-8080-exec-6]s.d.s.w.readers.operation.CachingOperationNameGenerator.startingWith:40 -Generating unique operation named: TreeList2FrontUsingGET_2
2019-06-04 18:32:28.592 INFO [http-nio-8080-exec-6]s.d.s.w.readers.operation.CachingOperationNameGenerator.startingWith:40 -Generating unique operation named: createUsingPOST_11
2019-06-04 18:32:28.601 INFO [http-nio-8080-exec-6]s.d.s.w.readers.operation.CachingOperationNameGenerator.startingWith:40 -Generating unique operation named: executeUploadUsingGET_4
2019-06-04 18:32:28.610 INFO [http-nio-8080-exec-6]s.d.s.w.readers.operation.CachingOperationNameGenerator.startingWith:40 -Generating unique operation named: executeUploadUsingGET_5
2019-06-04 18:32:28.619 INFO [http-nio-8080-exec-6]s.d.s.w.readers.operation.CachingOperationNameGenerator.startingWith:40 -Generating unique operation named: listUsingGET_2
2019-06-04 18:32:28.629 INFO [http-nio-8080-exec-6]s.d.s.w.readers.operation.CachingOperationNameGenerator.startingWith:40 -Generating unique operation named: listByCourseItemIdUsingGET_2
2019-06-04 18:32:28.638 INFO [http-nio-8080-exec-6]s.d.s.w.readers.operation.CachingOperationNameGenerator.startingWith:40 -Generating unique operation named: receiveUsingGET_5
2019-06-04 18:32:28.645 INFO [http-nio-8080-exec-6]s.d.s.w.readers.operation.CachingOperationNameGenerator.startingWith:40 -Generating unique operation named: downloadUsingGET_2
2019-06-04 18:32:28.652 INFO [http-nio-8080-exec-6]s.d.s.w.readers.operation.CachingOperationNameGenerator.startingWith:40 -Generating unique operation named: createUsingPOST_12
2019-06-04 18:32:28.659 INFO [http-nio-8080-exec-6]s.d.s.w.readers.operation.CachingOperationNameGenerator.startingWith:40 -Generating unique operation named: createUsingPOST_13
2019-06-04 18:32:28.675 INFO [http-nio-8080-exec-6]s.d.s.w.readers.operation.CachingOperationNameGenerator.startingWith:40 -Generating unique operation named: createUsingPOST_14
2019-06-04 18:32:49.558 INFO [Thread-25]o.s.scheduling.concurrent.ThreadPoolTaskExecutor.shutdown:208 -Shutting down ExecutorService 'applicationTaskExecutor'
2019-06-04 18:32:59.488 INFO [main]edu.uni.UniApplication.logStarting:50 -Starting UniApplication on Captain-MacBook-Pro.local with PID 2053 (/Users/captain/Codes/uni/target/classes started by captain in /Users/captain/Codes/uni)
2019-06-04 18:32:59.493 INFO [main]edu.uni.UniApplication.logStartupProfileInfo:675 -No active profile set, falling back to default profiles: default
2019-06-04 18:33:01.074 INFO [main]o.s.d.repository.config.RepositoryConfigurationDelegate.multipleStoresDetected:244 -Multiple Spring Data modules found, entering strict repository configuration mode!
2019-06-04 18:33:01.077 INFO [main]o.s.d.repository.config.RepositoryConfigurationDelegate.registerRepositoriesIn:126 -Bootstrapping Spring Data repositories in DEFAULT mode.
2019-06-04 18:33:01.175 INFO [main]o.s.d.repository.config.RepositoryConfigurationDelegate.registerRepositoriesIn:182 -Finished Spring Data repository scanning in 78ms. Found 0 repository interfaces.
2019-06-04 18:33:01.691 INFO [main]o.s.c.s.PostProcessorRegistrationDelegate$BeanPostProcessorChecker.postProcessAfterInitialization:330 -Bean 'druidConfiguration' of type [edu.uni.config.DruidConfiguration$$EnhancerBySpringCGLIB$$520013f4] is not eligible for getting processed by all BeanPostProcessors (for example: not eligible for auto-proxying)
2019-06-04 18:33:01.786 INFO [main]o.s.c.s.PostProcessorRegistrationDelegate$BeanPostProcessorChecker.postProcessAfterInitialization:330 -Bean 'org.springframework.transaction.annotation.ProxyTransactionManagementConfiguration' of type [org.springframework.transaction.annotation.ProxyTransactionManagementConfiguration$$EnhancerBySpringCGLIB$$77066ba5] is not eligible for getting processed by all BeanPostProcessors (for example: not eligible for auto-proxying)
2019-06-04 18:33:02.287 INFO [main]o.s.boot.web.embedded.tomcat.TomcatWebServer.initialize:90 -Tomcat initialized with port(s): 8080 (http)
2019-06-04 18:33:02.308 INFO [main]org.apache.coyote.http11.Http11NioProtocol.log:173 -Initializing ProtocolHandler ["http-nio-8080"]
2019-06-04 18:33:02.327 INFO [main]org.apache.catalina.core.StandardService.log:173 -Starting service [Tomcat]
2019-06-04 18:33:02.328 INFO [main]org.apache.catalina.core.StandardEngine.log:173 -Starting Servlet engine: [Apache Tomcat/9.0.16]
2019-06-04 18:33:02.337 INFO [main]org.apache.catalina.core.AprLifecycleListener.log:173 -The APR based Apache Tomcat Native library which allows optimal performance in production environments was not found on the java.library.path: [/Users/captain/Library/Java/Extensions:/Library/Java/Extensions:/Network/Library/Java/Extensions:/System/Library/Java/Extensions:/usr/lib/java:.]
2019-06-04 18:33:02.480 INFO [main]o.a.catalina.core.ContainerBase.[Tomcat].[localhost].[/].log:173 -Initializing Spring embedded WebApplicationContext
2019-06-04 18:33:02.481 INFO [main]org.springframework.web.context.ContextLoader.prepareWebApplicationContext:296 -Root WebApplicationContext: initialization completed in 2857 ms
2019-06-04 18:33:04.754 INFO [main]o.s.scheduling.concurrent.ThreadPoolTaskExecutor.initialize:171 -Initializing ExecutorService 'applicationTaskExecutor'
2019-06-04 18:33:05.198 INFO [main]s.d.spring.web.plugins.DocumentationPluginsBootstrapper.start:120 -Context refreshed
2019-06-04 18:33:05.222 INFO [main]s.d.spring.web.plugins.DocumentationPluginsBootstrapper.start:123 -Found 1 custom documentation plugin(s)
2019-06-04 18:33:05.236 INFO [main]s.d.spring.web.scanners.ApiListingReferenceScanner.scan:41 -Scanning for api listing references
2019-06-04 18:33:05.521 INFO [main]s.d.s.w.readers.operation.CachingOperationNameGenerator.startingWith:40 -Generating unique operation named: createUsingPOST_1
2019-06-04 18:33:05.533 INFO [main]s.d.s.w.readers.operation.CachingOperationNameGenerator.startingWith:40 -Generating unique operation named: executeUploadUsingGET_1
2019-06-04 18:33:05.547 INFO [main]s.d.s.w.readers.operation.CachingOperationNameGenerator.startingWith:40 -Generating unique operation named: receiveUsingGET_1
2019-06-04 18:33:05.560 INFO [main]s.d.s.w.readers.operation.CachingOperationNameGenerator.startingWith:40 -Generating unique operation named: createUsingPOST_2
2019-06-04 18:33:05.568 INFO [main]s.d.s.w.readers.operation.CachingOperationNameGenerator.startingWith:40 -Generating unique operation named: createUsingPOST_3
2019-06-04 18:33:05.578 INFO [main]s.d.s.w.readers.operation.CachingOperationNameGenerator.startingWith:40 -Generating unique operation named: createUsingPOST_4
2019-06-04 18:33:05.606 INFO [main]org.apache.coyote.http11.Http11NioProtocol.log:173 -Starting ProtocolHandler ["http-nio-8080"]
2019-06-04 18:33:05.640 INFO [main]o.s.boot.web.embedded.tomcat.TomcatWebServer.start:204 -Tomcat started on port(s): 8080 (http) with context path ''
2019-06-04 18:33:05.646 INFO [main]edu.uni.UniApplication.logStarted:59 -Started UniApplication in 6.818 seconds (JVM running for 11.247)
2019-06-04 18:33:11.836 INFO [http-nio-8080-exec-1]o.a.catalina.core.ContainerBase.[Tomcat].[localhost].[/].log:173 -Initializing Spring DispatcherServlet 'dispatcherServlet'
2019-06-04 18:33:11.837 INFO [http-nio-8080-exec-1]org.springframework.web.servlet.DispatcherServlet.initServletBean:524 -Initializing Servlet 'dispatcherServlet'
2019-06-04 18:33:11.851 INFO [http-nio-8080-exec-1]org.springframework.web.servlet.DispatcherServlet.initServletBean:546 -Completed initialization in 14 ms
2019-06-04 18:33:26.511 INFO [http-nio-8080-exec-7]com.alibaba.druid.pool.DruidDataSource.init:922 -{dataSource-1} inited
2019-06-04 18:35:29.358 WARN [Thread-25]org.mybatis.spring.mapper.ClassPathMapperScanner.warn:44 -No MyBatis mapper was found in '[edu.uni.*.mapper]' package. Please check your configuration.
2019-06-04 18:35:29.365 INFO [Thread-25]o.s.d.repository.config.RepositoryConfigurationDelegate.registerRepositoriesIn:126 -Bootstrapping Spring Data repositories in DEFAULT mode.
2019-06-04 18:35:29.416 INFO [Thread-25]o.s.d.repository.config.RepositoryConfigurationDelegate.registerRepositoriesIn:182 -Finished Spring Data repository scanning in 49ms. Found 0 repository interfaces.
2019-06-04 18:35:30.230 INFO [Thread-25]o.s.scheduling.concurrent.ThreadPoolTaskExecutor.shutdown:208 -Shutting down ExecutorService 'applicationTaskExecutor'
2019-06-04 18:35:30.302 INFO [Thread-25]com.alibaba.druid.pool.DruidDataSource.close:1817 -{dataSource-1} closed
2019-06-04 18:44:10.460 INFO [main]edu.uni.UniApplication.logStarting:50 -Starting UniApplication on Captain-MacBook-Pro.local with PID 2146 (/Users/captain/Codes/uni/target/classes started by captain in /Users/captain/Codes/uni)
2019-06-04 18:44:10.465 INFO [main]edu.uni.UniApplication.logStartupProfileInfo:675 -No active profile set, falling back to default profiles: default
2019-06-04 18:44:12.583 INFO [main]o.s.d.repository.config.RepositoryConfigurationDelegate.multipleStoresDetected:244 -Multiple Spring Data modules found, entering strict repository configuration mode!
2019-06-04 18:44:12.586 INFO [main]o.s.d.repository.config.RepositoryConfigurationDelegate.registerRepositoriesIn:126 -Bootstrapping Spring Data repositories in DEFAULT mode.
2019-06-04 18:44:12.668 INFO [main]o.s.d.repository.config.RepositoryConfigurationDelegate.registerRepositoriesIn:182 -Finished Spring Data repository scanning in 62ms. Found 0 repository interfaces.
2019-06-04 18:44:13.182 INFO [main]o.s.c.s.PostProcessorRegistrationDelegate$BeanPostProcessorChecker.postProcessAfterInitialization:330 -Bean 'druidConfiguration' of type [edu.uni.config.DruidConfiguration$$EnhancerBySpringCGLIB$$5bf72231] is not eligible for getting processed by all BeanPostProcessors (for example: not eligible for auto-proxying)
2019-06-04 18:44:13.278 INFO [main]o.s.c.s.PostProcessorRegistrationDelegate$BeanPostProcessorChecker.postProcessAfterInitialization:330 -Bean 'org.springframework.transaction.annotation.ProxyTransactionManagementConfiguration' of type [org.springframework.transaction.annotation.ProxyTransactionManagementConfiguration$$EnhancerBySpringCGLIB$$80fd79e2] is not eligible for getting processed by all BeanPostProcessors (for example: not eligible for auto-proxying)
2019-06-04 18:44:13.774 INFO [main]o.s.boot.web.embedded.tomcat.TomcatWebServer.initialize:90 -Tomcat initialized with port(s): 8080 (http)
2019-06-04 18:44:13.796 INFO [main]org.apache.coyote.http11.Http11NioProtocol.log:173 -Initializing ProtocolHandler ["http-nio-8080"]
2019-06-04 18:44:13.811 INFO [main]org.apache.catalina.core.StandardService.log:173 -Starting service [Tomcat]
2019-06-04 18:44:13.811 INFO [main]org.apache.catalina.core.StandardEngine.log:173 -Starting Servlet engine: [Apache Tomcat/9.0.16]
2019-06-04 18:44:13.819 INFO [main]org.apache.catalina.core.AprLifecycleListener.log:173 -The APR based Apache Tomcat Native library which allows optimal performance in production environments was not found on the java.library.path: [/Users/captain/Library/Java/Extensions:/Library/Java/Extensions:/Network/Library/Java/Extensions:/System/Library/Java/Extensions:/usr/lib/java:.]
2019-06-04 18:44:13.950 INFO [main]o.a.catalina.core.ContainerBase.[Tomcat].[localhost].[/].log:173 -Initializing Spring embedded WebApplicationContext
2019-06-04 18:44:13.951 INFO [main]org.springframework.web.context.ContextLoader.prepareWebApplicationContext:296 -Root WebApplicationContext: initialization completed in 3279 ms
2019-06-04 18:44:16.573 INFO [main]o.s.scheduling.concurrent.ThreadPoolTaskExecutor.initialize:171 -Initializing ExecutorService 'applicationTaskExecutor'
2019-06-04 18:44:17.059 INFO [main]s.d.spring.web.plugins.DocumentationPluginsBootstrapper.start:120 -Context refreshed
2019-06-04 18:44:17.084 INFO [main]s.d.spring.web.plugins.DocumentationPluginsBootstrapper.start:123 -Found 1 custom documentation plugin(s)
2019-06-04 18:44:17.102 INFO [main]s.d.spring.web.scanners.ApiListingReferenceScanner.scan:41 -Scanning for api listing references
2019-06-04 18:44:17.377 INFO [main]s.d.s.w.readers.operation.CachingOperationNameGenerator.startingWith:40 -Generating unique operation named: createUsingPOST_1
2019-06-04 18:44:17.388 INFO [main]s.d.s.w.readers.operation.CachingOperationNameGenerator.startingWith:40 -Generating unique operation named: executeUploadUsingGET_1
2019-06-04 18:44:17.400 INFO [main]s.d.s.w.readers.operation.CachingOperationNameGenerator.startingWith:40 -Generating unique operation named: receiveUsingGET_1
2019-06-04 18:44:17.415 INFO [main]s.d.s.w.readers.operation.CachingOperationNameGenerator.startingWith:40 -Generating unique operation named: createUsingPOST_2
2019-06-04 18:44:17.423 INFO [main]s.d.s.w.readers.operation.CachingOperationNameGenerator.startingWith:40 -Generating unique operation named: createUsingPOST_3
2019-06-04 18:44:17.431 INFO [main]s.d.s.w.readers.operation.CachingOperationNameGenerator.startingWith:40 -Generating unique operation named: createUsingPOST_4
2019-06-04 18:44:17.457 INFO [main]org.apache.coyote.http11.Http11NioProtocol.log:173 -Starting ProtocolHandler ["http-nio-8080"]
2019-06-04 18:44:17.490 INFO [main]o.s.boot.web.embedded.tomcat.TomcatWebServer.start:204 -Tomcat started on port(s): 8080 (http) with context path ''
2019-06-04 18:44:17.496 INFO [main]edu.uni.UniApplication.logStarted:59 -Started UniApplication in 8.24 seconds (JVM running for 13.585)
2019-06-04 18:44:31.205 INFO [Thread-25]o.s.scheduling.concurrent.ThreadPoolTaskExecutor.shutdown:208 -Shutting down ExecutorService 'applicationTaskExecutor'
2019-06-04 18:44:37.942 INFO [main]edu.uni.UniApplication.logStarting:50 -Starting UniApplication on Captain-MacBook-Pro.local with PID 2163 (/Users/captain/Codes/uni/target/classes started by captain in /Users/captain/Codes/uni)
2019-06-04 18:44:37.947 INFO [main]edu.uni.UniApplication.logStartupProfileInfo:675 -No active profile set, falling back to default profiles: default
2019-06-04 18:44:40.395 INFO [main]o.s.d.repository.config.RepositoryConfigurationDelegate.multipleStoresDetected:244 -Multiple Spring Data modules found, entering strict repository configuration mode!
2019-06-04 18:44:40.400 INFO [main]o.s.d.repository.config.RepositoryConfigurationDelegate.registerRepositoriesIn:126 -Bootstrapping Spring Data repositories in DEFAULT mode.
2019-06-04 18:44:40.571 INFO [main]o.s.d.repository.config.RepositoryConfigurationDelegate.registerRepositoriesIn:182 -Finished Spring Data repository scanning in 109ms. Found 0 repository interfaces.
2019-06-04 18:44:41.261 INFO [main]o.s.c.s.PostProcessorRegistrationDelegate$BeanPostProcessorChecker.postProcessAfterInitialization:330 -Bean 'druidConfiguration' of type [edu.uni.config.DruidConfiguration$$EnhancerBySpringCGLIB$$9197f4ac] is not eligible for getting processed by all BeanPostProcessors (for example: not eligible for auto-proxying)
2019-06-04 18:44:41.398 INFO [main]o.s.c.s.PostProcessorRegistrationDelegate$BeanPostProcessorChecker.postProcessAfterInitialization:330 -Bean 'org.springframework.transaction.annotation.ProxyTransactionManagementConfiguration' of type [org.springframework.transaction.annotation.ProxyTransactionManagementConfiguration$$EnhancerBySpringCGLIB$$b69e4c5d] is not eligible for getting processed by all BeanPostProcessors (for example: not eligible for auto-proxying)
2019-06-04 18:44:41.961 INFO [main]o.s.boot.web.embedded.tomcat.TomcatWebServer.initialize:90 -Tomcat initialized with port(s): 8080 (http)
2019-06-04 18:44:41.989 INFO [main]org.apache.coyote.http11.Http11NioProtocol.log:173 -Initializing ProtocolHandler ["http-nio-8080"]
2019-06-04 18:44:42.009 INFO [main]org.apache.catalina.core.StandardService.log:173 -Starting service [Tomcat]
2019-06-04 18:44:42.010 INFO [main]org.apache.catalina.core.StandardEngine.log:173 -Starting Servlet engine: [Apache Tomcat/9.0.16]
2019-06-04 18:44:42.022 INFO [main]org.apache.catalina.core.AprLifecycleListener.log:173 -The APR based Apache Tomcat Native library which allows optimal performance in production environments was not found on the java.library.path: [/Users/captain/Library/Java/Extensions:/Library/Java/Extensions:/Network/Library/Java/Extensions:/System/Library/Java/Extensions:/usr/lib/java:.]
2019-06-04 18:44:42.178 INFO [main]o.a.catalina.core.ContainerBase.[Tomcat].[localhost].[/].log:173 -Initializing Spring embedded WebApplicationContext
2019-06-04 18:44:42.179 INFO [main]org.springframework.web.context.ContextLoader.prepareWebApplicationContext:296 -Root WebApplicationContext: initialization completed in 4152 ms
2019-06-04 18:44:44.741 INFO [main]o.s.scheduling.concurrent.ThreadPoolTaskExecutor.initialize:171 -Initializing ExecutorService 'applicationTaskExecutor'
2019-06-04 18:44:45.182 INFO [main]s.d.spring.web.plugins.DocumentationPluginsBootstrapper.start:120 -Context refreshed
2019-06-04 18:44:45.201 INFO [main]s.d.spring.web.plugins.DocumentationPluginsBootstrapper.start:123 -Found 1 custom documentation plugin(s)
2019-06-04 18:44:45.216 INFO [main]s.d.spring.web.scanners.ApiListingReferenceScanner.scan:41 -Scanning for api listing references
2019-06-04 18:44:45.504 INFO [main]s.d.s.w.readers.operation.CachingOperationNameGenerator.startingWith:40 -Generating unique operation named: createUsingPOST_1
2019-06-04 18:44:45.520 INFO [main]s.d.s.w.readers.operation.CachingOperationNameGenerator.startingWith:40 -Generating unique operation named: executeUploadUsingGET_1
2019-06-04 18:44:45.533 INFO [main]s.d.s.w.readers.operation.CachingOperationNameGenerator.startingWith:40 -Generating unique operation named: receiveUsingGET_1
2019-06-04 18:44:45.553 INFO [main]s.d.s.w.readers.operation.CachingOperationNameGenerator.startingWith:40 -Generating unique operation named: createUsingPOST_2
2019-06-04 18:44:45.566 INFO [main]s.d.s.w.readers.operation.CachingOperationNameGenerator.startingWith:40 -Generating unique operation named: createUsingPOST_3
2019-06-04 18:44:45.574 INFO [main]s.d.s.w.readers.operation.CachingOperationNameGenerator.startingWith:40 -Generating unique operation named: createUsingPOST_4
2019-06-04 18:44:45.597 INFO [main]org.apache.coyote.http11.Http11NioProtocol.log:173 -Starting ProtocolHandler ["http-nio-8080"]
2019-06-04 18:44:45.639 INFO [main]o.s.boot.web.embedded.tomcat.TomcatWebServer.start:204 -Tomcat started on port(s): 8080 (http) with context path ''
2019-06-04 18:44:45.645 INFO [main]edu.uni.UniApplication.logStarted:59 -Started UniApplication in 8.322 seconds (JVM running for 11.938)
2019-06-04 18:47:58.652 INFO [http-nio-8080-exec-1]o.a.catalina.core.ContainerBase.[Tomcat].[localhost].[/].log:173 -Initializing Spring DispatcherServlet 'dispatcherServlet'
2019-06-04 18:47:58.653 INFO [http-nio-8080-exec-1]org.springframework.web.servlet.DispatcherServlet.initServletBean:524 -Initializing Servlet 'dispatcherServlet'
2019-06-04 18:47:58.666 INFO [http-nio-8080-exec-1]org.springframework.web.servlet.DispatcherServlet.initServletBean:546 -Completed initialization in 13 ms
2019-06-04 19:05:41.994 INFO [http-nio-8080-exec-7]o.s.d.repository.config.RepositoryConfigurationDelegate.registerRepositoriesIn:126 -Bootstrapping Spring Data repositories in DEFAULT mode.
2019-06-04 19:05:42.064 INFO [http-nio-8080-exec-7]o.s.d.repository.config.RepositoryConfigurationDelegate.registerRepositoriesIn:182 -Finished Spring Data repository scanning in 69ms. Found 0 repository interfaces.
2019-06-04 19:05:42.106 WARN [http-nio-8080-exec-7]org.mybatis.spring.mapper.ClassPathMapperScanner.warn:44 -No MyBatis mapper was found in '[edu.uni.*.mapper]' package. Please check your configuration.
2019-06-04 19:06:14.293 INFO [Thread-25]o.s.scheduling.concurrent.ThreadPoolTaskExecutor.shutdown:208 -Shutting down ExecutorService 'applicationTaskExecutor'
2019-06-04 19:06:22.698 INFO [main]edu.uni.UniApplication.logStarting:50 -Starting UniApplication on Captain-MacBook-Pro.local with PID 2215 (/Users/captain/Codes/uni/target/classes started by captain in /Users/captain/Codes/uni)
2019-06-04 19:06:22.721 INFO [main]edu.uni.UniApplication.logStartupProfileInfo:675 -No active profile set, falling back to default profiles: default
2019-06-04 19:06:25.173 INFO [main]o.s.d.repository.config.RepositoryConfigurationDelegate.multipleStoresDetected:244 -Multiple Spring Data modules found, entering strict repository configuration mode!
2019-06-04 19:06:25.177 INFO [main]o.s.d.repository.config.RepositoryConfigurationDelegate.registerRepositoriesIn:126 -Bootstrapping Spring Data repositories in DEFAULT mode.
2019-06-04 19:06:25.264 INFO [main]o.s.d.repository.config.RepositoryConfigurationDelegate.registerRepositoriesIn:182 -Finished Spring Data repository scanning in 67ms. Found 0 repository interfaces.
2019-06-04 19:06:25.801 INFO [main]o.s.c.s.PostProcessorRegistrationDelegate$BeanPostProcessorChecker.postProcessAfterInitialization:330 -Bean 'druidConfiguration' of type [edu.uni.config.DruidConfiguration$$EnhancerBySpringCGLIB$$d2c7fa53] is not eligible for getting processed by all BeanPostProcessors (for example: not eligible for auto-proxying)
2019-06-04 19:06:25.912 INFO [main]o.s.c.s.PostProcessorRegistrationDelegate$BeanPostProcessorChecker.postProcessAfterInitialization:330 -Bean 'org.springframework.transaction.annotation.ProxyTransactionManagementConfiguration' of type [org.springframework.transaction.annotation.ProxyTransactionManagementConfiguration$$EnhancerBySpringCGLIB$$f7ce5204] is not eligible for getting processed by all BeanPostProcessors (for example: not eligible for auto-proxying)
2019-06-04 19:06:26.494 INFO [main]o.s.boot.web.embedded.tomcat.TomcatWebServer.initialize:90 -Tomcat initialized with port(s): 8080 (http)
2019-06-04 19:06:26.516 INFO [main]org.apache.coyote.http11.Http11NioProtocol.log:173 -Initializing ProtocolHandler ["http-nio-8080"]
2019-06-04 19:06:26.531 INFO [main]org.apache.catalina.core.StandardService.log:173 -Starting service [Tomcat]
2019-06-04 19:06:26.532 INFO [main]org.apache.catalina.core.StandardEngine.log:173 -Starting Servlet engine: [Apache Tomcat/9.0.16]
2019-06-04 19:06:26.541 INFO [main]org.apache.catalina.core.AprLifecycleListener.log:173 -The APR based Apache Tomcat Native library which allows optimal performance in production environments was not found on the java.library.path: [/Users/captain/Library/Java/Extensions:/Library/Java/Extensions:/Network/Library/Java/Extensions:/System/Library/Java/Extensions:/usr/lib/java:.]
2019-06-04 19:06:26.702 INFO [main]o.a.catalina.core.ContainerBase.[Tomcat].[localhost].[/].log:173 -Initializing Spring embedded WebApplicationContext
2019-06-04 19:06:26.706 INFO [main]org.springframework.web.context.ContextLoader.prepareWebApplicationContext:296 -Root WebApplicationContext: initialization completed in 3712 ms
2019-06-04 19:06:29.417 INFO [main]o.s.scheduling.concurrent.ThreadPoolTaskExecutor.initialize:171 -Initializing ExecutorService 'applicationTaskExecutor'
2019-06-04 19:06:29.883 INFO [main]s.d.spring.web.plugins.DocumentationPluginsBootstrapper.start:120 -Context refreshed
2019-06-04 19:06:29.902 INFO [main]s.d.spring.web.plugins.DocumentationPluginsBootstrapper.start:123 -Found 1 custom documentation plugin(s)
2019-06-04 19:06:29.917 INFO [main]s.d.spring.web.scanners.ApiListingReferenceScanner.scan:41 -Scanning for api listing references
2019-06-04 19:06:30.223 INFO [main]s.d.s.w.readers.operation.CachingOperationNameGenerator.startingWith:40 -Generating unique operation named: createUsingPOST_1
2019-06-04 19:06:30.241 INFO [main]s.d.s.w.readers.operation.CachingOperationNameGenerator.startingWith:40 -Generating unique operation named: executeUploadUsingGET_1
2019-06-04 19:06:30.264 INFO [main]s.d.s.w.readers.operation.CachingOperationNameGenerator.startingWith:40 -Generating unique operation named: receiveUsingGET_1
2019-06-04 19:06:30.280 INFO [main]s.d.s.w.readers.operation.CachingOperationNameGenerator.startingWith:40 -Generating unique operation named: createUsingPOST_2
2019-06-04 19:06:30.289 INFO [main]s.d.s.w.readers.operation.CachingOperationNameGenerator.startingWith:40 -Generating unique operation named: createUsingPOST_3
2019-06-04 19:06:30.296 INFO [main]s.d.s.w.readers.operation.CachingOperationNameGenerator.startingWith:40 -Generating unique operation named: createUsingPOST_4
2019-06-04 19:06:30.323 INFO [main]org.apache.coyote.http11.Http11NioProtocol.log:173 -Starting ProtocolHandler ["http-nio-8080"]
2019-06-04 19:06:30.357 INFO [main]o.s.boot.web.embedded.tomcat.TomcatWebServer.start:204 -Tomcat started on port(s): 8080 (http) with context path ''
2019-06-04 19:06:30.366 INFO [main]edu.uni.UniApplication.logStarted:59 -Started UniApplication in 8.857 seconds (JVM running for 13.717)
2019-06-04 19:10:34.400 INFO [Thread-25]o.s.scheduling.concurrent.ThreadPoolTaskExecutor.shutdown:208 -Shutting down ExecutorService 'applicationTaskExecutor'
2019-06-04 19:10:40.693 INFO [main]edu.uni.UniApplication.logStarting:50 -Starting UniApplication on Captain-MacBook-Pro.local with PID 2244 (/Users/captain/Codes/uni/target/classes started by captain in /Users/captain/Codes/uni)
2019-06-04 19:10:40.699 INFO [main]edu.uni.UniApplication.logStartupProfileInfo:675 -No active profile set, falling back to default profiles: default
2019-06-04 19:10:43.354 INFO [main]o.s.d.repository.config.RepositoryConfigurationDelegate.multipleStoresDetected:244 -Multiple Spring Data modules found, entering strict repository configuration mode!
2019-06-04 19:10:43.366 INFO [main]o.s.d.repository.config.RepositoryConfigurationDelegate.registerRepositoriesIn:126 -Bootstrapping Spring Data repositories in DEFAULT mode.
2019-06-04 19:10:43.479 INFO [main]o.s.d.repository.config.RepositoryConfigurationDelegate.registerRepositoriesIn:182 -Finished Spring Data repository scanning in 83ms. Found 0 repository interfaces.
2019-06-04 19:10:44.140 INFO [main]o.s.c.s.PostProcessorRegistrationDelegate$BeanPostProcessorChecker.postProcessAfterInitialization:330 -Bean 'druidConfiguration' of type [edu.uni.config.DruidConfiguration$$EnhancerBySpringCGLIB$$ae8612d5] is not eligible for getting processed by all BeanPostProcessors (for example: not eligible for auto-proxying)
2019-06-04 19:10:44.265 INFO [main]o.s.c.s.PostProcessorRegistrationDelegate$BeanPostProcessorChecker.postProcessAfterInitialization:330 -Bean 'org.springframework.transaction.annotation.ProxyTransactionManagementConfiguration' of type [org.springframework.transaction.annotation.ProxyTransactionManagementConfiguration$$EnhancerBySpringCGLIB$$d38c6a86] is not eligible for getting processed by all BeanPostProcessors (for example: not eligible for auto-proxying)
2019-06-04 19:10:44.830 INFO [main]o.s.boot.web.embedded.tomcat.TomcatWebServer.initialize:90 -Tomcat initialized with port(s): 8080 (http)
2019-06-04 19:10:44.853 INFO [main]org.apache.coyote.http11.Http11NioProtocol.log:173 -Initializing ProtocolHandler ["http-nio-8080"]
2019-06-04 19:10:44.869 INFO [main]org.apache.catalina.core.StandardService.log:173 -Starting service [Tomcat]
2019-06-04 19:10:44.869 INFO [main]org.apache.catalina.core.StandardEngine.log:173 -Starting Servlet engine: [Apache Tomcat/9.0.16]
2019-06-04 19:10:44.879 INFO [main]org.apache.catalina.core.AprLifecycleListener.log:173 -The APR based Apache Tomcat Native library which allows optimal performance in production environments was not found on the java.library.path: [/Users/captain/Library/Java/Extensions:/Library/Java/Extensions:/Network/Library/Java/Extensions:/System/Library/Java/Extensions:/usr/lib/java:.]
2019-06-04 19:10:45.040 INFO [main]o.a.catalina.core.ContainerBase.[Tomcat].[localhost].[/].log:173 -Initializing Spring embedded WebApplicationContext
2019-06-04 19:10:45.040 INFO [main]org.springframework.web.context.ContextLoader.prepareWebApplicationContext:296 -Root WebApplicationContext: initialization completed in 4164 ms
2019-06-04 19:10:47.408 INFO [main]o.s.scheduling.concurrent.ThreadPoolTaskExecutor.initialize:171 -Initializing ExecutorService 'applicationTaskExecutor'
2019-06-04 19:10:47.873 INFO [main]s.d.spring.web.plugins.DocumentationPluginsBootstrapper.start:120 -Context refreshed
2019-06-04 19:10:47.891 INFO [main]s.d.spring.web.plugins.DocumentationPluginsBootstrapper.start:123 -Found 1 custom documentation plugin(s)
2019-06-04 19:10:47.905 INFO [main]s.d.spring.web.scanners.ApiListingReferenceScanner.scan:41 -Scanning for api listing references
2019-06-04 19:10:48.170 INFO [main]s.d.s.w.readers.operation.CachingOperationNameGenerator.startingWith:40 -Generating unique operation named: createUsingPOST_1
2019-06-04 19:10:48.185 INFO [main]s.d.s.w.readers.operation.CachingOperationNameGenerator.startingWith:40 -Generating unique operation named: executeUploadUsingGET_1
2019-06-04 19:10:48.198 INFO [main]s.d.s.w.readers.operation.CachingOperationNameGenerator.startingWith:40 -Generating unique operation named: receiveUsingGET_1
2019-06-04 19:10:48.210 INFO [main]s.d.s.w.readers.operation.CachingOperationNameGenerator.startingWith:40 -Generating unique operation named: createUsingPOST_2
2019-06-04 19:10:48.218 INFO [main]s.d.s.w.readers.operation.CachingOperationNameGenerator.startingWith:40 -Generating unique operation named: createUsingPOST_3
2019-06-04 19:10:48.225 INFO [main]s.d.s.w.readers.operation.CachingOperationNameGenerator.startingWith:40 -Generating unique operation named: createUsingPOST_4
2019-06-04 19:10:48.248 INFO [main]org.apache.coyote.http11.Http11NioProtocol.log:173 -Starting ProtocolHandler ["http-nio-8080"]
2019-06-04 19:10:48.290 INFO [main]o.s.boot.web.embedded.tomcat.TomcatWebServer.start:204 -Tomcat started on port(s): 8080 (http) with context path ''
2019-06-04 19:10:48.297 INFO [main]edu.uni.UniApplication.logStarted:59 -Started UniApplication in 8.673 seconds (JVM running for 13.067)
2019-06-04 19:11:45.875 INFO [Thread-25]o.s.scheduling.concurrent.ThreadPoolTaskExecutor.shutdown:208 -Shutting down ExecutorService 'applicationTaskExecutor'
2019-06-04 19:12:05.212 INFO [main]edu.uni.UniApplication.logStarting:50 -Starting UniApplication on Captain-MacBook-Pro.local with PID 2263 (/Users/captain/Codes/uni/target/classes started by captain in /Users/captain/Codes/uni)
2019-06-04 19:12:05.217 INFO [main]edu.uni.UniApplication.logStartupProfileInfo:675 -No active profile set, falling back to default profiles: default
2019-06-04 19:12:06.767 INFO [main]o.s.d.repository.config.RepositoryConfigurationDelegate.multipleStoresDetected:244 -Multiple Spring Data modules found, entering strict repository configuration mode!
2019-06-04 19:12:06.770 INFO [main]o.s.d.repository.config.RepositoryConfigurationDelegate.registerRepositoriesIn:126 -Bootstrapping Spring Data repositories in DEFAULT mode.
2019-06-04 19:12:06.843 INFO [main]o.s.d.repository.config.RepositoryConfigurationDelegate.registerRepositoriesIn:182 -Finished Spring Data repository scanning in 58ms. Found 0 repository interfaces.
2019-06-04 19:12:07.315 INFO [main]o.s.c.s.PostProcessorRegistrationDelegate$BeanPostProcessorChecker.postProcessAfterInitialization:330 -Bean 'druidConfiguration' of type [edu.uni.config.DruidConfiguration$$EnhancerBySpringCGLIB$$aced227f] is not eligible for getting processed by all BeanPostProcessors (for example: not eligible for auto-proxying)
2019-06-04 19:12:07.422 INFO [main]o.s.c.s.PostProcessorRegistrationDelegate$BeanPostProcessorChecker.postProcessAfterInitialization:330 -Bean 'org.springframework.transaction.annotation.ProxyTransactionManagementConfiguration' of type [org.springframework.transaction.annotation.ProxyTransactionManagementConfiguration$$EnhancerBySpringCGLIB$$d1f37a30] is not eligible for getting processed by all BeanPostProcessors (for example: not eligible for auto-proxying)
2019-06-04 19:12:07.946 INFO [main]o.s.boot.web.embedded.tomcat.TomcatWebServer.initialize:90 -Tomcat initialized with port(s): 8080 (http)
2019-06-04 19:12:07.968 INFO [main]org.apache.coyote.http11.Http11NioProtocol.log:173 -Initializing ProtocolHandler ["http-nio-8080"]
2019-06-04 19:12:07.981 INFO [main]org.apache.catalina.core.StandardService.log:173 -Starting service [Tomcat]
2019-06-04 19:12:07.982 INFO [main]org.apache.catalina.core.StandardEngine.log:173 -Starting Servlet engine: [Apache Tomcat/9.0.16]
2019-06-04 19:12:07.989 INFO [main]org.apache.catalina.core.AprLifecycleListener.log:173 -The APR based Apache Tomcat Native library which allows optimal performance in production environments was not found on the java.library.path: [/Users/captain/Library/Java/Extensions:/Library/Java/Extensions:/Network/Library/Java/Extensions:/System/Library/Java/Extensions:/usr/lib/java:.]
2019-06-04 19:12:08.127 INFO [main]o.a.catalina.core.ContainerBase.[Tomcat].[localhost].[/].log:173 -Initializing Spring embedded WebApplicationContext
2019-06-04 19:12:08.128 INFO [main]org.springframework.web.context.ContextLoader.prepareWebApplicationContext:296 -Root WebApplicationContext: initialization completed in 2791 ms
2019-06-04 19:12:11.236 INFO [main]o.s.scheduling.concurrent.ThreadPoolTaskExecutor.initialize:171 -Initializing ExecutorService 'applicationTaskExecutor'
2019-06-04 19:12:11.858 INFO [main]s.d.spring.web.plugins.DocumentationPluginsBootstrapper.start:120 -Context refreshed
2019-06-04 19:12:11.884 INFO [main]s.d.spring.web.plugins.DocumentationPluginsBootstrapper.start:123 -Found 1 custom documentation plugin(s)
2019-06-04 19:12:11.905 INFO [main]s.d.spring.web.scanners.ApiListingReferenceScanner.scan:41 -Scanning for api listing references
2019-06-04 19:12:12.195 INFO [main]s.d.s.w.readers.operation.CachingOperationNameGenerator.startingWith:40 -Generating unique operation named: createUsingPOST_1
2019-06-04 19:12:12.208 INFO [main]s.d.s.w.readers.operation.CachingOperationNameGenerator.startingWith:40 -Generating unique operation named: executeUploadUsingGET_1
2019-06-04 19:12:12.221 INFO [main]s.d.s.w.readers.operation.CachingOperationNameGenerator.startingWith:40 -Generating unique operation named: receiveUsingGET_1
2019-06-04 19:12:12.236 INFO [main]s.d.s.w.readers.operation.CachingOperationNameGenerator.startingWith:40 -Generating unique operation named: createUsingPOST_2
2019-06-04 19:12:12.245 INFO [main]s.d.s.w.readers.operation.CachingOperationNameGenerator.startingWith:40 -Generating unique operation named: createUsingPOST_3
2019-06-04 19:12:12.252 INFO [main]s.d.s.w.readers.operation.CachingOperationNameGenerator.startingWith:40 -Generating unique operation named: createUsingPOST_4
2019-06-04 19:12:12.273 INFO [main]org.apache.coyote.http11.Http11NioProtocol.log:173 -Starting ProtocolHandler ["http-nio-8080"]
2019-06-04 19:12:12.305 INFO [main]o.s.boot.web.embedded.tomcat.TomcatWebServer.start:204 -Tomcat started on port(s): 8080 (http) with context path ''
2019-06-04 19:12:12.312 INFO [main]edu.uni.UniApplication.logStarted:59 -Started UniApplication in 7.706 seconds (JVM running for 10.911)
2019-06-04 19:13:58.328 WARN [rebel-change-detector-thread]org.mybatis.spring.mapper.ClassPathMapperScanner.warn:44 -No MyBatis mapper was found in '[edu.uni.*.mapper]' package. Please check your configuration.
2019-06-04 19:13:58.428 INFO [rebel-change-detector-thread]o.s.d.repository.config.RepositoryConfigurationDelegate.registerRepositoriesIn:126 -Bootstrapping Spring Data repositories in DEFAULT mode.
2019-06-04 19:13:58.466 INFO [rebel-change-detector-thread]o.s.d.repository.config.RepositoryConfigurationDelegate.registerRepositoriesIn:182 -Finished Spring Data repository scanning in 36ms. Found 0 repository interfaces.
2019-06-04 19:14:15.861 INFO [http-nio-8080-exec-1]o.a.catalina.core.ContainerBase.[Tomcat].[localhost].[/].log:173 -Initializing Spring DispatcherServlet 'dispatcherServlet'
2019-06-04 19:14:15.861 INFO [http-nio-8080-exec-1]org.springframework.web.servlet.DispatcherServlet.initServletBean:524 -Initializing Servlet 'dispatcherServlet'
2019-06-04 19:14:15.892 INFO [http-nio-8080-exec-1]org.springframework.web.servlet.DispatcherServlet.initServletBean:546 -Completed initialization in 30 ms
2019-06-04 19:14:16.284 INFO [http-nio-8080-exec-5]s.d.spring.web.scanners.ApiListingReferenceScanner.scan:41 -Scanning for api listing references
2019-06-04 19:14:16.309 INFO [http-nio-8080-exec-5]s.d.s.w.readers.operation.CachingOperationNameGenerator.startingWith:40 -Generating unique operation named: Display2FUsingGET_1
2019-06-04 19:14:16.317 INFO [http-nio-8080-exec-5]s.d.s.w.readers.operation.CachingOperationNameGenerator.startingWith:40 -Generating unique operation named: Display2FUsingHEAD_1
2019-06-04 19:14:16.327 INFO [http-nio-8080-exec-5]s.d.s.w.readers.operation.CachingOperationNameGenerator.startingWith:40 -Generating unique operation named: Display2FUsingPOST_1
2019-06-04 19:14:16.336 INFO [http-nio-8080-exec-5]s.d.s.w.readers.operation.CachingOperationNameGenerator.startingWith:40 -Generating unique operation named: Display2FUsingPUT_1
2019-06-04 19:14:16.343 INFO [http-nio-8080-exec-5]s.d.s.w.readers.operation.CachingOperationNameGenerator.startingWith:40 -Generating unique operation named: Display2FUsingPATCH_1
2019-06-04 19:14:16.350 INFO [http-nio-8080-exec-5]s.d.s.w.readers.operation.CachingOperationNameGenerator.startingWith:40 -Generating unique operation named: Display2FUsingDELETE_1
2019-06-04 19:14:16.356 INFO [http-nio-8080-exec-5]s.d.s.w.readers.operation.CachingOperationNameGenerator.startingWith:40 -Generating unique operation named: Display2FUsingOPTIONS_1
2019-06-04 19:14:16.363 INFO [http-nio-8080-exec-5]s.d.s.w.readers.operation.CachingOperationNameGenerator.startingWith:40 -Generating unique operation named: Display2FUsingTRACE_1
2019-06-04 19:14:16.374 INFO [http-nio-8080-exec-5]s.d.s.w.readers.operation.CachingOperationNameGenerator.startingWith:40 -Generating unique operation named: createUsingPOST_5
2019-06-04 19:14:16.384 INFO [http-nio-8080-exec-5]s.d.s.w.readers.operation.CachingOperationNameGenerator.startingWith:40 -Generating unique operation named: findItemUsingGET_1
2019-06-04 19:14:16.394 INFO [http-nio-8080-exec-5]s.d.s.w.readers.operation.CachingOperationNameGenerator.startingWith:40 -Generating unique operation named: receiveUsingGET_2
2019-06-04 19:14:16.405 INFO [http-nio-8080-exec-5]s.d.s.w.readers.operation.CachingOperationNameGenerator.startingWith:40 -Generating unique operation named: searchForUsingGET_1
2019-06-04 19:14:16.414 INFO [http-nio-8080-exec-5]s.d.s.w.readers.operation.CachingOperationNameGenerator.startingWith:40 -Generating unique operation named: selectAllUsingGET_1
2019-06-04 19:14:16.427 INFO [http-nio-8080-exec-5]s.d.s.w.readers.operation.CachingOperationNameGenerator.startingWith:40 -Generating unique operation named: TreeList2FrontUsingGET_1
2019-06-04 19:14:16.438 INFO [http-nio-8080-exec-5]s.d.s.w.readers.operation.CachingOperationNameGenerator.startingWith:40 -Generating unique operation named: createUsingPOST_6
2019-06-04 19:14:16.449 INFO [http-nio-8080-exec-5]s.d.s.w.readers.operation.CachingOperationNameGenerator.startingWith:40 -Generating unique operation named: executeUploadUsingGET_2
2019-06-04 19:14:16.459 INFO [http-nio-8080-exec-5]s.d.s.w.readers.operation.CachingOperationNameGenerator.startingWith:40 -Generating unique operation named: executeUploadUsingGET_3
2019-06-04 19:14:16.469 INFO [http-nio-8080-exec-5]s.d.s.w.readers.operation.CachingOperationNameGenerator.startingWith:40 -Generating unique operation named: listUsingGET_1
2019-06-04 19:14:16.478 INFO [http-nio-8080-exec-5]s.d.s.w.readers.operation.CachingOperationNameGenerator.startingWith:40 -Generating unique operation named: listByCourseItemIdUsingGET_1
2019-06-04 19:14:16.488 INFO [http-nio-8080-exec-5]s.d.s.w.readers.operation.CachingOperationNameGenerator.startingWith:40 -Generating unique operation named: receiveUsingGET_3
2019-06-04 19:14:16.500 INFO [http-nio-8080-exec-5]s.d.s.w.readers.operation.CachingOperationNameGenerator.startingWith:40 -Generating unique operation named: downloadUsingGET_1
2019-06-04 19:14:16.510 INFO [http-nio-8080-exec-5]s.d.s.w.readers.operation.CachingOperationNameGenerator.startingWith:40 -Generating unique operation named: createUsingPOST_7
2019-06-04 19:14:16.519 INFO [http-nio-8080-exec-5]s.d.s.w.readers.operation.CachingOperationNameGenerator.startingWith:40 -Generating unique operation named: createUsingPOST_8
2019-06-04 19:14:16.529 INFO [http-nio-8080-exec-5]s.d.s.w.readers.operation.CachingOperationNameGenerator.startingWith:40 -Generating unique operation named: createUsingPOST_9
2019-06-04 20:08:26.108 WARN [http-nio-8080-exec-1]org.mybatis.spring.mapper.ClassPathMapperScanner.warn:44 -No MyBatis mapper was found in '[edu.uni.*.mapper]' package. Please check your configuration.
2019-06-04 20:08:26.150 INFO [http-nio-8080-exec-1]o.s.d.repository.config.RepositoryConfigurationDelegate.registerRepositoriesIn:126 -Bootstrapping Spring Data repositories in DEFAULT mode.
2019-06-04 20:08:26.175 INFO [http-nio-8080-exec-1]o.s.d.repository.config.RepositoryConfigurationDelegate.registerRepositoriesIn:182 -Finished Spring Data repository scanning in 24ms. Found 0 repository interfaces.
2019-06-04 20:08:26.690 INFO [http-nio-8080-exec-5]s.d.spring.web.scanners.ApiListingReferenceScanner.scan:41 -Scanning for api listing references
2019-06-04 20:08:26.711 INFO [http-nio-8080-exec-5]s.d.s.w.readers.operation.CachingOperationNameGenerator.startingWith:40 -Generating unique operation named: Display2FUsingGET_2
2019-06-04 20:08:26.720 INFO [http-nio-8080-exec-5]s.d.s.w.readers.operation.CachingOperationNameGenerator.startingWith:40 -Generating unique operation named: createUsingPOST_10
2019-06-04 20:08:26.731 INFO [http-nio-8080-exec-5]s.d.s.w.readers.operation.CachingOperationNameGenerator.startingWith:40 -Generating unique operation named: findItemUsingGET_2
2019-06-04 20:08:26.741 INFO [http-nio-8080-exec-5]s.d.s.w.readers.operation.CachingOperationNameGenerator.startingWith:40 -Generating unique operation named: receiveUsingGET_4
2019-06-04 20:08:26.750 INFO [http-nio-8080-exec-5]s.d.s.w.readers.operation.CachingOperationNameGenerator.startingWith:40 -Generating unique operation named: searchForUsingGET_2
2019-06-04 20:08:26.760 INFO [http-nio-8080-exec-5]s.d.s.w.readers.operation.CachingOperationNameGenerator.startingWith:40 -Generating unique operation named: selectAllUsingGET_2
2019-06-04 20:08:26.770 INFO [http-nio-8080-exec-5]s.d.s.w.readers.operation.CachingOperationNameGenerator.startingWith:40 -Generating unique operation named: TreeList2FrontUsingGET_2
2019-06-04 20:08:26.781 INFO [http-nio-8080-exec-5]s.d.s.w.readers.operation.CachingOperationNameGenerator.startingWith:40 -Generating unique operation named: createUsingPOST_11
2019-06-04 20:08:26.793 INFO [http-nio-8080-exec-5]s.d.s.w.readers.operation.CachingOperationNameGenerator.startingWith:40 -Generating unique operation named: executeUploadUsingGET_4
2019-06-04 20:08:26.801 INFO [http-nio-8080-exec-5]s.d.s.w.readers.operation.CachingOperationNameGenerator.startingWith:40 -Generating unique operation named: executeUploadUsingGET_5
2019-06-04 20:08:26.812 INFO [http-nio-8080-exec-5]s.d.s.w.readers.operation.CachingOperationNameGenerator.startingWith:40 -Generating unique operation named: listUsingGET_2
2019-06-04 20:08:26.821 INFO [http-nio-8080-exec-5]s.d.s.w.readers.operation.CachingOperationNameGenerator.startingWith:40 -Generating unique operation named: listByCourseItemIdUsingGET_2
2019-06-04 20:08:26.831 INFO [http-nio-8080-exec-5]s.d.s.w.readers.operation.CachingOperationNameGenerator.startingWith:40 -Generating unique operation named: receiveUsingGET_5
2019-06-04 20:08:26.838 INFO [http-nio-8080-exec-5]s.d.s.w.readers.operation.CachingOperationNameGenerator.startingWith:40 -Generating unique operation named: downloadUsingGET_2
2019-06-04 20:08:26.846 INFO [http-nio-8080-exec-5]s.d.s.w.readers.operation.CachingOperationNameGenerator.startingWith:40 -Generating unique operation named: createUsingPOST_12
2019-06-04 20:08:26.854 INFO [http-nio-8080-exec-5]s.d.s.w.readers.operation.CachingOperationNameGenerator.startingWith:40 -Generating unique operation named: createUsingPOST_13
2019-06-04 20:08:26.860 INFO [http-nio-8080-exec-5]s.d.s.w.readers.operation.CachingOperationNameGenerator.startingWith:40 -Generating unique operation named: createUsingPOST_14
2019-06-04 20:17:42.546 WARN [http-nio-8080-exec-9]org.mybatis.spring.mapper.ClassPathMapperScanner.warn:44 -No MyBatis mapper was found in '[edu.uni.*.mapper]' package. Please check your configuration.
2019-06-04 20:17:42.586 INFO [http-nio-8080-exec-9]o.s.d.repository.config.RepositoryConfigurationDelegate.registerRepositoriesIn:126 -Bootstrapping Spring Data repositories in DEFAULT mode.
2019-06-04 20:17:42.616 INFO [http-nio-8080-exec-9]o.s.d.repository.config.RepositoryConfigurationDelegate.registerRepositoriesIn:182 -Finished Spring Data repository scanning in 29ms. Found 0 repository interfaces.
2019-06-04 20:17:43.633 INFO [http-nio-8080-exec-9]com.alibaba.druid.pool.DruidDataSource.init:922 -{dataSource-1} inited
2019-06-04 21:07:26.184 WARN [http-nio-8080-exec-4]org.mybatis.spring.mapper.ClassPathMapperScanner.warn:44 -No MyBatis mapper was found in '[edu.uni.*.mapper]' package. Please check your configuration.
2019-06-04 21:07:26.216 INFO [http-nio-8080-exec-4]o.s.d.repository.config.RepositoryConfigurationDelegate.registerRepositoriesIn:126 -Bootstrapping Spring Data repositories in DEFAULT mode.
2019-06-04 21:07:26.238 INFO [http-nio-8080-exec-4]o.s.d.repository.config.RepositoryConfigurationDelegate.registerRepositoriesIn:182 -Finished Spring Data repository scanning in 22ms. Found 0 repository interfaces.
2019-06-04 22:00:56.347 WARN [http-nio-8080-exec-8]org.mybatis.spring.mapper.ClassPathMapperScanner.warn:44 -No MyBatis mapper was found in '[edu.uni.*.mapper]' package. Please check your configuration.
2019-06-04 22:00:56.415 INFO [http-nio-8080-exec-8]o.s.d.repository.config.RepositoryConfigurationDelegate.registerRepositoriesIn:126 -Bootstrapping Spring Data repositories in DEFAULT mode.
2019-06-04 22:00:56.452 INFO [http-nio-8080-exec-8]o.s.d.repository.config.RepositoryConfigurationDelegate.registerRepositoriesIn:182 -Finished Spring Data repository scanning in 36ms. Found 0 repository interfaces.
2019-06-04 23:22:25.212 WARN [http-nio-8080-exec-3]org.mybatis.spring.mapper.ClassPathMapperScanner.warn:44 -No MyBatis mapper was found in '[edu.uni.*.mapper]' package. Please check your configuration.
2019-06-04 23:22:25.262 INFO [http-nio-8080-exec-3]o.s.d.repository.config.RepositoryConfigurationDelegate.registerRepositoriesIn:126 -Bootstrapping Spring Data repositories in DEFAULT mode.
2019-06-04 23:22:25.291 INFO [http-nio-8080-exec-3]o.s.d.repository.config.RepositoryConfigurationDelegate.registerRepositoriesIn:182 -Finished Spring Data repository scanning in 28ms. Found 0 repository interfaces.
2019-06-04 23:57:16.337 INFO [http-nio-8080-exec-5]o.s.d.repository.config.RepositoryConfigurationDelegate.registerRepositoriesIn:126 -Bootstrapping Spring Data repositories in DEFAULT mode.
2019-06-04 23:57:16.368 INFO [http-nio-8080-exec-5]o.s.d.repository.config.RepositoryConfigurationDelegate.registerRepositoriesIn:182 -Finished Spring Data repository scanning in 28ms. Found 0 repository interfaces.
