2019-05-28 22:36:29.009 INFO [main]edu.uni.UniApplication.logStarting:50 -Starting UniApplication on CaptaindeMacBook-Pro.local with PID 7649 (/Users/captain/Codes/uni/target/classes started by captain in /Users/captain/Codes/uni)
2019-05-28 22:36:29.015 INFO [main]edu.uni.UniApplication.logStartupProfileInfo:675 -No active profile set, falling back to default profiles: default
2019-05-28 22:36:31.489 INFO [main]o.s.d.repository.config.RepositoryConfigurationDelegate.multipleStoresDetected:244 -Multiple Spring Data modules found, entering strict repository configuration mode!
2019-05-28 22:36:31.496 INFO [main]o.s.d.repository.config.RepositoryConfigurationDelegate.registerRepositoriesIn:126 -Bootstrapping Spring Data repositories in DEFAULT mode.
2019-05-28 22:36:31.652 INFO [main]o.s.d.repository.config.RepositoryConfigurationDelegate.registerRepositoriesIn:182 -Finished Spring Data repository scanning in 98ms. Found 0 repository interfaces.
2019-05-28 22:36:32.430 INFO [main]o.s.c.s.PostProcessorRegistrationDelegate$BeanPostProcessorChecker.postProcessAfterInitialization:330 -Bean 'druidConfiguration' of type [edu.uni.config.DruidConfiguration$$EnhancerBySpringCGLIB$$1b363a14] is not eligible for getting processed by all BeanPostProcessors (for example: not eligible for auto-proxying)
2019-05-28 22:36:32.582 INFO [main]o.s.c.s.PostProcessorRegistrationDelegate$BeanPostProcessorChecker.postProcessAfterInitialization:330 -Bean 'org.springframework.transaction.annotation.ProxyTransactionManagementConfiguration' of type [org.springframework.transaction.annotation.ProxyTransactionManagementConfiguration$$EnhancerBySpringCGLIB$$403c91c5] is not eligible for getting processed by all BeanPostProcessors (for example: not eligible for auto-proxying)
2019-05-28 22:36:33.409 INFO [main]o.s.boot.web.embedded.tomcat.TomcatWebServer.initialize:90 -Tomcat initialized with port(s): 8080 (http)
2019-05-28 22:36:33.483 INFO [main]org.apache.coyote.http11.Http11NioProtocol.log:173 -Initializing ProtocolHandler ["http-nio-8080"]
2019-05-28 22:36:33.499 INFO [main]org.apache.catalina.core.StandardService.log:173 -Starting service [Tomcat]
2019-05-28 22:36:33.499 INFO [main]org.apache.catalina.core.StandardEngine.log:173 -Starting Servlet engine: [Apache Tomcat/9.0.16]
2019-05-28 22:36:33.523 INFO [main]org.apache.catalina.core.AprLifecycleListener.log:173 -The APR based Apache Tomcat Native library which allows optimal performance in production environments was not found on the java.library.path: [/Users/captain/Library/Java/Extensions:/Library/Java/Extensions:/Network/Library/Java/Extensions:/System/Library/Java/Extensions:/usr/lib/java:.]
2019-05-28 22:36:33.834 INFO [main]o.a.catalina.core.ContainerBase.[Tomcat].[localhost].[/].log:173 -Initializing Spring embedded WebApplicationContext
2019-05-28 22:36:33.834 INFO [main]org.springframework.web.context.ContextLoader.prepareWebApplicationContext:296 -Root WebApplicationContext: initialization completed in 4692 ms
2019-05-28 22:36:37.501 INFO [main]o.s.scheduling.concurrent.ThreadPoolTaskExecutor.initialize:171 -Initializing ExecutorService 'applicationTaskExecutor'
2019-05-28 22:36:38.150 INFO [main]s.d.spring.web.plugins.DocumentationPluginsBootstrapper.start:120 -Context refreshed
2019-05-28 22:36:38.186 INFO [main]s.d.spring.web.plugins.DocumentationPluginsBootstrapper.start:123 -Found 1 custom documentation plugin(s)
2019-05-28 22:36:38.209 INFO [main]s.d.spring.web.scanners.ApiListingReferenceScanner.scan:41 -Scanning for api listing references
2019-05-28 22:36:38.601 INFO [main]s.d.s.w.readers.operation.CachingOperationNameGenerator.startingWith:40 -Generating unique operation named: createUsingPOST_1
2019-05-28 22:36:38.605 INFO [main]s.d.s.w.readers.operation.CachingOperationNameGenerator.startingWith:40 -Generating unique operation named: destroyUsingDELETE_1
2019-05-28 22:36:38.612 INFO [main]s.d.s.w.readers.operation.CachingOperationNameGenerator.startingWith:40 -Generating unique operation named: listUsingGET_1
2019-05-28 22:36:38.619 INFO [main]s.d.s.w.readers.operation.CachingOperationNameGenerator.startingWith:40 -Generating unique operation named: listUsingGET_2
2019-05-28 22:36:38.634 INFO [main]s.d.s.w.readers.operation.CachingOperationNameGenerator.startingWith:40 -Generating unique operation named: listByUniversityIDUsingGET_1
2019-05-28 22:36:38.638 INFO [main]s.d.s.w.readers.operation.CachingOperationNameGenerator.startingWith:40 -Generating unique operation named: receiveUsingGET_1
2019-05-28 22:36:38.643 INFO [main]s.d.s.w.readers.operation.CachingOperationNameGenerator.startingWith:40 -Generating unique operation named: updateUsingPUT_1
2019-05-28 22:36:38.653 INFO [main]s.d.s.w.readers.operation.CachingOperationNameGenerator.startingWith:40 -Generating unique operation named: createUsingPOST_2
2019-05-28 22:36:38.657 INFO [main]s.d.s.w.readers.operation.CachingOperationNameGenerator.startingWith:40 -Generating unique operation named: destroyUsingDELETE_2
2019-05-28 22:36:38.662 INFO [main]s.d.s.w.readers.operation.CachingOperationNameGenerator.startingWith:40 -Generating unique operation named: listUsingGET_3
2019-05-28 22:36:38.668 INFO [main]s.d.s.w.readers.operation.CachingOperationNameGenerator.startingWith:40 -Generating unique operation named: listByDepartmentIDUsingGET_1
2019-05-28 22:36:38.672 INFO [main]s.d.s.w.readers.operation.CachingOperationNameGenerator.startingWith:40 -Generating unique operation named: listBySubdepartmentIDUsingGET_1
2019-05-28 22:36:38.677 INFO [main]s.d.s.w.readers.operation.CachingOperationNameGenerator.startingWith:40 -Generating unique operation named: listByUniversityIDUsingGET_2
2019-05-28 22:36:38.683 INFO [main]s.d.s.w.readers.operation.CachingOperationNameGenerator.startingWith:40 -Generating unique operation named: receiveUsingGET_2
2019-05-28 22:36:38.688 INFO [main]s.d.s.w.readers.operation.CachingOperationNameGenerator.startingWith:40 -Generating unique operation named: updateUsingPUT_2
2019-05-28 22:36:38.702 INFO [main]s.d.s.w.readers.operation.CachingOperationNameGenerator.startingWith:40 -Generating unique operation named: createUsingPOST_3
2019-05-28 22:36:38.705 INFO [main]s.d.s.w.readers.operation.CachingOperationNameGenerator.startingWith:40 -Generating unique operation named: receiveUsingGET_3
2019-05-28 22:36:38.719 INFO [main]s.d.s.w.readers.operation.CachingOperationNameGenerator.startingWith:40 -Generating unique operation named: createUsingPOST_4
2019-05-28 22:36:38.726 INFO [main]s.d.s.w.readers.operation.CachingOperationNameGenerator.startingWith:40 -Generating unique operation named: listUsingGET_4
2019-05-28 22:36:38.734 INFO [main]s.d.s.w.readers.operation.CachingOperationNameGenerator.startingWith:40 -Generating unique operation named: receiveUsingGET_4
2019-05-28 22:36:38.780 INFO [main]s.d.s.w.readers.operation.CachingOperationNameGenerator.startingWith:40 -Generating unique operation named: createUsingPOST_5
2019-05-28 22:36:38.784 INFO [main]s.d.s.w.readers.operation.CachingOperationNameGenerator.startingWith:40 -Generating unique operation named: destroyUsingDELETE_3
2019-05-28 22:36:38.788 INFO [main]s.d.s.w.readers.operation.CachingOperationNameGenerator.startingWith:40 -Generating unique operation named: listUsingGET_5
2019-05-28 22:36:38.792 INFO [main]s.d.s.w.readers.operation.CachingOperationNameGenerator.startingWith:40 -Generating unique operation named: listUsingGET_6
2019-05-28 22:36:38.797 INFO [main]s.d.s.w.readers.operation.CachingOperationNameGenerator.startingWith:40 -Generating unique operation named: listByClassIDUsingGET_1
2019-05-28 22:36:38.800 INFO [main]s.d.s.w.readers.operation.CachingOperationNameGenerator.startingWith:40 -Generating unique operation named: listByDepartmentIDUsingGET_2
2019-05-28 22:36:38.804 INFO [main]s.d.s.w.readers.operation.CachingOperationNameGenerator.startingWith:40 -Generating unique operation named: listByUniversityIDUsingGET_3
2019-05-28 22:36:38.811 INFO [main]s.d.s.w.readers.operation.CachingOperationNameGenerator.startingWith:40 -Generating unique operation named: receiveUsingGET_5
2019-05-28 22:36:38.819 INFO [main]s.d.s.w.readers.operation.CachingOperationNameGenerator.startingWith:40 -Generating unique operation named: updateUsingPUT_3
2019-05-28 22:36:38.832 INFO [main]s.d.s.w.readers.operation.CachingOperationNameGenerator.startingWith:40 -Generating unique operation named: createUsingPOST_6
2019-05-28 22:36:38.837 INFO [main]s.d.s.w.readers.operation.CachingOperationNameGenerator.startingWith:40 -Generating unique operation named: destroyUsingDELETE_4
2019-05-28 22:36:38.841 INFO [main]s.d.s.w.readers.operation.CachingOperationNameGenerator.startingWith:40 -Generating unique operation named: listUsingGET_7
2019-05-28 22:36:38.848 INFO [main]s.d.s.w.readers.operation.CachingOperationNameGenerator.startingWith:40 -Generating unique operation named: listUsingGET_8
2019-05-28 22:36:38.853 INFO [main]s.d.s.w.readers.operation.CachingOperationNameGenerator.startingWith:40 -Generating unique operation named: listByUniversityIDUsingGET_4
2019-05-28 22:36:38.862 INFO [main]s.d.s.w.readers.operation.CachingOperationNameGenerator.startingWith:40 -Generating unique operation named: receiveUsingGET_6
2019-05-28 22:36:38.868 INFO [main]s.d.s.w.readers.operation.CachingOperationNameGenerator.startingWith:40 -Generating unique operation named: updateUsingPUT_4
2019-05-28 22:36:38.887 INFO [main]s.d.s.w.readers.operation.CachingOperationNameGenerator.startingWith:40 -Generating unique operation named: createUsingPOST_7
2019-05-28 22:36:38.894 INFO [main]s.d.s.w.readers.operation.CachingOperationNameGenerator.startingWith:40 -Generating unique operation named: destroyUsingDELETE_5
2019-05-28 22:36:38.901 INFO [main]s.d.s.w.readers.operation.CachingOperationNameGenerator.startingWith:40 -Generating unique operation named: listUsingGET_9
2019-05-28 22:36:38.910 INFO [main]s.d.s.w.readers.operation.CachingOperationNameGenerator.startingWith:40 -Generating unique operation named: listUsingGET_10
2019-05-28 22:36:38.918 INFO [main]s.d.s.w.readers.operation.CachingOperationNameGenerator.startingWith:40 -Generating unique operation named: listByDepartmentIDUsingGET_3
2019-05-28 22:36:38.928 INFO [main]s.d.s.w.readers.operation.CachingOperationNameGenerator.startingWith:40 -Generating unique operation named: listBySubdepartmentIDUsingGET_2
2019-05-28 22:36:38.936 INFO [main]s.d.s.w.readers.operation.CachingOperationNameGenerator.startingWith:40 -Generating unique operation named: listByUniversityIDUsingGET_5
2019-05-28 22:36:38.941 INFO [main]s.d.s.w.readers.operation.CachingOperationNameGenerator.startingWith:40 -Generating unique operation named: receiveUsingGET_7
2019-05-28 22:36:38.947 INFO [main]s.d.s.w.readers.operation.CachingOperationNameGenerator.startingWith:40 -Generating unique operation named: updateUsingPUT_5
2019-05-28 22:36:38.969 INFO [main]s.d.s.w.readers.operation.CachingOperationNameGenerator.startingWith:40 -Generating unique operation named: createUsingPOST_8
2019-05-28 22:36:38.976 INFO [main]s.d.s.w.readers.operation.CachingOperationNameGenerator.startingWith:40 -Generating unique operation named: destroyUsingDELETE_6
2019-05-28 22:36:38.980 INFO [main]s.d.s.w.readers.operation.CachingOperationNameGenerator.startingWith:40 -Generating unique operation named: listUsingGET_11
2019-05-28 22:36:38.987 INFO [main]s.d.s.w.readers.operation.CachingOperationNameGenerator.startingWith:40 -Generating unique operation named: listUsingGET_12
2019-05-28 22:36:38.996 INFO [main]s.d.s.w.readers.operation.CachingOperationNameGenerator.startingWith:40 -Generating unique operation named: listByDepartmentIDUsingGET_4
2019-05-28 22:36:39.003 INFO [main]s.d.s.w.readers.operation.CachingOperationNameGenerator.startingWith:40 -Generating unique operation named: listByUniversityIDUsingGET_6
2019-05-28 22:36:39.029 INFO [main]s.d.s.w.readers.operation.CachingOperationNameGenerator.startingWith:40 -Generating unique operation named: receiveUsingGET_8
2019-05-28 22:36:39.034 INFO [main]s.d.s.w.readers.operation.CachingOperationNameGenerator.startingWith:40 -Generating unique operation named: updateUsingPUT_6
2019-05-28 22:36:39.048 INFO [main]s.d.s.w.readers.operation.CachingOperationNameGenerator.startingWith:40 -Generating unique operation named: createUsingPOST_9
2019-05-28 22:36:39.054 INFO [main]s.d.s.w.readers.operation.CachingOperationNameGenerator.startingWith:40 -Generating unique operation named: destroyUsingDELETE_7
2019-05-28 22:36:39.060 INFO [main]s.d.s.w.readers.operation.CachingOperationNameGenerator.startingWith:40 -Generating unique operation named: listUsingGET_13
2019-05-28 22:36:39.065 INFO [main]s.d.s.w.readers.operation.CachingOperationNameGenerator.startingWith:40 -Generating unique operation named: listUsingGET_14
2019-05-28 22:36:39.072 INFO [main]s.d.s.w.readers.operation.CachingOperationNameGenerator.startingWith:40 -Generating unique operation named: listByDepartmentIDUsingGET_5
2019-05-28 22:36:39.096 INFO [main]s.d.s.w.readers.operation.CachingOperationNameGenerator.startingWith:40 -Generating unique operation named: listByUniversityIDUsingGET_7
2019-05-28 22:36:39.100 INFO [main]s.d.s.w.readers.operation.CachingOperationNameGenerator.startingWith:40 -Generating unique operation named: receiveUsingGET_9
2019-05-28 22:36:39.106 INFO [main]s.d.s.w.readers.operation.CachingOperationNameGenerator.startingWith:40 -Generating unique operation named: updateUsingPUT_7
2019-05-28 22:36:39.117 INFO [main]s.d.s.w.readers.operation.CachingOperationNameGenerator.startingWith:40 -Generating unique operation named: createUsingPOST_10
2019-05-28 22:36:39.122 INFO [main]s.d.s.w.readers.operation.CachingOperationNameGenerator.startingWith:40 -Generating unique operation named: destroyUsingDELETE_8
2019-05-28 22:36:39.125 INFO [main]s.d.s.w.readers.operation.CachingOperationNameGenerator.startingWith:40 -Generating unique operation named: listUsingGET_15
2019-05-28 22:36:39.128 INFO [main]s.d.s.w.readers.operation.CachingOperationNameGenerator.startingWith:40 -Generating unique operation named: listUsingGET_16
2019-05-28 22:36:39.132 INFO [main]s.d.s.w.readers.operation.CachingOperationNameGenerator.startingWith:40 -Generating unique operation named: listByUniversityIDUsingGET_8
2019-05-28 22:36:39.135 INFO [main]s.d.s.w.readers.operation.CachingOperationNameGenerator.startingWith:40 -Generating unique operation named: receiveUsingGET_10
2019-05-28 22:36:39.139 INFO [main]s.d.s.w.readers.operation.CachingOperationNameGenerator.startingWith:40 -Generating unique operation named: updateUsingPUT_8
2019-05-28 22:36:39.144 INFO [main]s.d.s.w.readers.operation.CachingOperationNameGenerator.startingWith:40 -Generating unique operation named: deleteCacheUsingDELETE_1
2019-05-28 22:36:39.154 INFO [main]s.d.s.w.readers.operation.CachingOperationNameGenerator.startingWith:40 -Generating unique operation named: selectAllUsingGET_1
2019-05-28 22:36:39.168 INFO [main]s.d.s.w.readers.operation.CachingOperationNameGenerator.startingWith:40 -Generating unique operation named: createUsingPOST_11
2019-05-28 22:36:39.173 INFO [main]s.d.s.w.readers.operation.CachingOperationNameGenerator.startingWith:40 -Generating unique operation named: createUsingPOST_12
2019-05-28 22:36:39.178 INFO [main]s.d.s.w.readers.operation.CachingOperationNameGenerator.startingWith:40 -Generating unique operation named: createUsingPOST_13
2019-05-28 22:36:39.183 INFO [main]s.d.s.w.readers.operation.CachingOperationNameGenerator.startingWith:40 -Generating unique operation named: createUsingPOST_14
2019-05-28 22:36:39.187 INFO [main]s.d.s.w.readers.operation.CachingOperationNameGenerator.startingWith:40 -Generating unique operation named: destroyUsingDELETE_9
2019-05-28 22:36:39.191 INFO [main]s.d.s.w.readers.operation.CachingOperationNameGenerator.startingWith:40 -Generating unique operation named: listUsingGET_17
2019-05-28 22:36:39.194 INFO [main]s.d.s.w.readers.operation.CachingOperationNameGenerator.startingWith:40 -Generating unique operation named: listUsingGET_18
2019-05-28 22:36:39.197 INFO [main]s.d.s.w.readers.operation.CachingOperationNameGenerator.startingWith:40 -Generating unique operation named: listByDepartmentIDUsingGET_6
2019-05-28 22:36:39.200 INFO [main]s.d.s.w.readers.operation.CachingOperationNameGenerator.startingWith:40 -Generating unique operation named: listByUniversityIDUsingGET_9
2019-05-28 22:36:39.204 INFO [main]s.d.s.w.readers.operation.CachingOperationNameGenerator.startingWith:40 -Generating unique operation named: receiveUsingGET_11
2019-05-28 22:36:39.208 INFO [main]s.d.s.w.readers.operation.CachingOperationNameGenerator.startingWith:40 -Generating unique operation named: updateUsingPUT_9
2019-05-28 22:36:39.209 INFO [main]s.d.s.w.readers.operation.CachingOperationNameGenerator.startingWith:40 -Generating unique operation named: selectAllUsingGET_2
2019-05-28 22:36:39.217 INFO [main]s.d.s.w.readers.operation.CachingOperationNameGenerator.startingWith:40 -Generating unique operation named: createUsingPOST_15
2019-05-28 22:36:39.220 INFO [main]s.d.s.w.readers.operation.CachingOperationNameGenerator.startingWith:40 -Generating unique operation named: destroyUsingDELETE_10
2019-05-28 22:36:39.224 INFO [main]s.d.s.w.readers.operation.CachingOperationNameGenerator.startingWith:40 -Generating unique operation named: listUsingGET_19
2019-05-28 22:36:39.227 INFO [main]s.d.s.w.readers.operation.CachingOperationNameGenerator.startingWith:40 -Generating unique operation named: listUsingGET_20
2019-05-28 22:36:39.229 INFO [main]s.d.s.w.readers.operation.CachingOperationNameGenerator.startingWith:40 -Generating unique operation named: receiveUsingGET_12
2019-05-28 22:36:39.232 INFO [main]s.d.s.w.readers.operation.CachingOperationNameGenerator.startingWith:40 -Generating unique operation named: updateUsingPUT_10
2019-05-28 22:36:39.239 INFO [main]s.d.s.w.readers.operation.CachingOperationNameGenerator.startingWith:40 -Generating unique operation named: createUsingPOST_16
2019-05-28 22:36:39.245 INFO [main]s.d.s.w.readers.operation.CachingOperationNameGenerator.startingWith:40 -Generating unique operation named: destroyUsingDELETE_11
2019-05-28 22:36:39.250 INFO [main]s.d.s.w.readers.operation.CachingOperationNameGenerator.startingWith:40 -Generating unique operation named: listUsingGET_21
2019-05-28 22:36:39.253 INFO [main]s.d.s.w.readers.operation.CachingOperationNameGenerator.startingWith:40 -Generating unique operation named: listUsingGET_22
2019-05-28 22:36:39.261 INFO [main]s.d.s.w.readers.operation.CachingOperationNameGenerator.startingWith:40 -Generating unique operation named: listByDepartmentIDUsingGET_7
2019-05-28 22:36:39.268 INFO [main]s.d.s.w.readers.operation.CachingOperationNameGenerator.startingWith:40 -Generating unique operation named: listByUniversityIDUsingGET_10
2019-05-28 22:36:39.276 INFO [main]s.d.s.w.readers.operation.CachingOperationNameGenerator.startingWith:40 -Generating unique operation named: receiveUsingGET_13
2019-05-28 22:36:39.283 INFO [main]s.d.s.w.readers.operation.CachingOperationNameGenerator.startingWith:40 -Generating unique operation named: updateUsingPUT_11
2019-05-28 22:36:39.366 INFO [main]org.apache.coyote.http11.Http11NioProtocol.log:173 -Starting ProtocolHandler ["http-nio-8080"]
2019-05-28 22:36:39.418 INFO [main]o.s.boot.web.embedded.tomcat.TomcatWebServer.start:204 -Tomcat started on port(s): 8080 (http) with context path ''
2019-05-28 22:36:39.427 INFO [main]edu.uni.UniApplication.logStarted:59 -Started UniApplication in 12.564 seconds (JVM running for 25.767)
2019-05-28 22:40:18.701 INFO [rebel-change-detector-thread]o.s.d.repository.config.RepositoryConfigurationDelegate.registerRepositoriesIn:126 -Bootstrapping Spring Data repositories in DEFAULT mode.
2019-05-28 22:40:18.849 INFO [rebel-change-detector-thread]o.s.d.repository.config.RepositoryConfigurationDelegate.registerRepositoriesIn:182 -Finished Spring Data repository scanning in 144ms. Found 0 repository interfaces.
2019-05-28 22:40:18.969 WARN [rebel-change-detector-thread]org.mybatis.spring.mapper.ClassPathMapperScanner.warn:44 -No MyBatis mapper was found in '[edu.uni.*.mapper]' package. Please check your configuration.
2019-05-28 22:40:54.399 INFO [http-nio-8080-exec-1]o.a.catalina.core.ContainerBase.[Tomcat].[localhost].[/].log:173 -Initializing Spring DispatcherServlet 'dispatcherServlet'
2019-05-28 22:40:54.400 INFO [http-nio-8080-exec-1]org.springframework.web.servlet.DispatcherServlet.initServletBean:524 -Initializing Servlet 'dispatcherServlet'
2019-05-28 22:40:54.449 INFO [http-nio-8080-exec-1]org.springframework.web.servlet.DispatcherServlet.initServletBean:546 -Completed initialization in 49 ms
2019-05-28 22:40:55.467 INFO [http-nio-8080-exec-5]s.d.spring.web.scanners.ApiListingReferenceScanner.scan:41 -Scanning for api listing references
2019-05-28 22:40:55.546 INFO [http-nio-8080-exec-5]s.d.s.w.readers.operation.CachingOperationNameGenerator.startingWith:40 -Generating unique operation named: deleteCacheUsingDELETE_2
2019-05-28 22:40:55.560 INFO [http-nio-8080-exec-5]s.d.s.w.readers.operation.CachingOperationNameGenerator.startingWith:40 -Generating unique operation named: deleteCanlendarByIdUsingDELETE_1
2019-05-28 22:40:55.571 INFO [http-nio-8080-exec-5]s.d.s.w.readers.operation.CachingOperationNameGenerator.startingWith:40 -Generating unique operation named: selectAllCanlendarUsingGET_1
2019-05-28 22:40:55.583 INFO [http-nio-8080-exec-5]s.d.s.w.readers.operation.CachingOperationNameGenerator.startingWith:40 -Generating unique operation named: updateCanlendarUsingPOST_1
2019-05-28 22:40:55.601 INFO [http-nio-8080-exec-5]s.d.s.w.readers.operation.CachingOperationNameGenerator.startingWith:40 -Generating unique operation named: createUsingPOST_17
2019-05-28 22:40:55.614 INFO [http-nio-8080-exec-5]s.d.s.w.readers.operation.CachingOperationNameGenerator.startingWith:40 -Generating unique operation named: destroyUsingDELETE_12
2019-05-28 22:40:55.628 INFO [http-nio-8080-exec-5]s.d.s.w.readers.operation.CachingOperationNameGenerator.startingWith:40 -Generating unique operation named: listUsingGET_23
2019-05-28 22:40:55.640 INFO [http-nio-8080-exec-5]s.d.s.w.readers.operation.CachingOperationNameGenerator.startingWith:40 -Generating unique operation named: listByDepartmentIDUsingGET_8
2019-05-28 22:40:55.651 INFO [http-nio-8080-exec-5]s.d.s.w.readers.operation.CachingOperationNameGenerator.startingWith:40 -Generating unique operation named: listBySubdepartmentIDUsingGET_3
2019-05-28 22:40:55.662 INFO [http-nio-8080-exec-5]s.d.s.w.readers.operation.CachingOperationNameGenerator.startingWith:40 -Generating unique operation named: listByUniversityIDUsingGET_11
2019-05-28 22:40:55.673 INFO [http-nio-8080-exec-5]s.d.s.w.readers.operation.CachingOperationNameGenerator.startingWith:40 -Generating unique operation named: receiveUsingGET_14
2019-05-28 22:40:55.689 INFO [http-nio-8080-exec-5]s.d.s.w.readers.operation.CachingOperationNameGenerator.startingWith:40 -Generating unique operation named: updateUsingPUT_12
2019-05-28 22:40:55.711 INFO [http-nio-8080-exec-5]s.d.s.w.readers.operation.CachingOperationNameGenerator.startingWith:40 -Generating unique operation named: createUsingPOST_18
2019-05-28 22:40:55.727 INFO [http-nio-8080-exec-5]s.d.s.w.readers.operation.CachingOperationNameGenerator.startingWith:40 -Generating unique operation named: destroyUsingDELETE_13
2019-05-28 22:40:55.739 INFO [http-nio-8080-exec-5]s.d.s.w.readers.operation.CachingOperationNameGenerator.startingWith:40 -Generating unique operation named: listUsingGET_24
2019-05-28 22:40:55.749 INFO [http-nio-8080-exec-5]s.d.s.w.readers.operation.CachingOperationNameGenerator.startingWith:40 -Generating unique operation named: listUsingGET_25
2019-05-28 22:40:55.759 INFO [http-nio-8080-exec-5]s.d.s.w.readers.operation.CachingOperationNameGenerator.startingWith:40 -Generating unique operation named: listByClassIDUsingGET_2
2019-05-28 22:40:55.769 INFO [http-nio-8080-exec-5]s.d.s.w.readers.operation.CachingOperationNameGenerator.startingWith:40 -Generating unique operation named: listByStudentIDUsingGET_1
2019-05-28 22:40:55.779 INFO [http-nio-8080-exec-5]s.d.s.w.readers.operation.CachingOperationNameGenerator.startingWith:40 -Generating unique operation named: listByUniversityIDUsingGET_12
2019-05-28 22:40:55.790 INFO [http-nio-8080-exec-5]s.d.s.w.readers.operation.CachingOperationNameGenerator.startingWith:40 -Generating unique operation named: receiveUsingGET_15
2019-05-28 22:40:55.802 INFO [http-nio-8080-exec-5]s.d.s.w.readers.operation.CachingOperationNameGenerator.startingWith:40 -Generating unique operation named: updateUsingPUT_13
2019-05-28 22:40:55.819 INFO [http-nio-8080-exec-5]s.d.s.w.readers.operation.CachingOperationNameGenerator.startingWith:40 -Generating unique operation named: createUsingPOST_19
2019-05-28 22:40:55.830 INFO [http-nio-8080-exec-5]s.d.s.w.readers.operation.CachingOperationNameGenerator.startingWith:40 -Generating unique operation named: destroyUsingDELETE_14
2019-05-28 22:40:55.916 INFO [http-nio-8080-exec-5]s.d.s.w.readers.operation.CachingOperationNameGenerator.startingWith:40 -Generating unique operation named: listUsingGET_26
2019-05-28 22:40:55.932 INFO [http-nio-8080-exec-5]s.d.s.w.readers.operation.CachingOperationNameGenerator.startingWith:40 -Generating unique operation named: listByDepartmentIDUsingGET_9
2019-05-28 22:40:55.948 INFO [http-nio-8080-exec-5]s.d.s.w.readers.operation.CachingOperationNameGenerator.startingWith:40 -Generating unique operation named: listBySubdepartmentIDUsingGET_4
2019-05-28 22:40:55.968 INFO [http-nio-8080-exec-5]s.d.s.w.readers.operation.CachingOperationNameGenerator.startingWith:40 -Generating unique operation named: listByUniversityIDUsingGET_13
2019-05-28 22:40:55.986 INFO [http-nio-8080-exec-5]s.d.s.w.readers.operation.CachingOperationNameGenerator.startingWith:40 -Generating unique operation named: receiveUsingGET_16
2019-05-28 22:40:56.004 INFO [http-nio-8080-exec-5]s.d.s.w.readers.operation.CachingOperationNameGenerator.startingWith:40 -Generating unique operation named: updateUsingPUT_14
2019-05-28 22:40:56.021 INFO [http-nio-8080-exec-5]s.d.s.w.readers.operation.CachingOperationNameGenerator.startingWith:40 -Generating unique operation named: Display2FUsingGET_1
2019-05-28 22:40:56.034 INFO [http-nio-8080-exec-5]s.d.s.w.readers.operation.CachingOperationNameGenerator.startingWith:40 -Generating unique operation named: createUsingPOST_20
2019-05-28 22:40:56.046 INFO [http-nio-8080-exec-5]s.d.s.w.readers.operation.CachingOperationNameGenerator.startingWith:40 -Generating unique operation named: receiveUsingGET_17
2019-05-28 22:40:56.054 INFO [http-nio-8080-exec-5]s.d.s.w.readers.operation.CachingOperationNameGenerator.startingWith:40 -Generating unique operation named: selectAllUsingGET_3
2019-05-28 22:40:56.066 INFO [http-nio-8080-exec-5]s.d.s.w.readers.operation.CachingOperationNameGenerator.startingWith:40 -Generating unique operation named: TreeList2FrontUsingGET_1
2019-05-28 22:40:56.076 INFO [http-nio-8080-exec-5]s.d.s.w.readers.operation.CachingOperationNameGenerator.startingWith:40 -Generating unique operation named: createUsingPOST_21
2019-05-28 22:40:56.086 INFO [http-nio-8080-exec-5]s.d.s.w.readers.operation.CachingOperationNameGenerator.startingWith:40 -Generating unique operation named: executeUploadUsingGET_1
2019-05-28 22:40:56.095 INFO [http-nio-8080-exec-5]s.d.s.w.readers.operation.CachingOperationNameGenerator.startingWith:40 -Generating unique operation named: listUsingGET_27
2019-05-28 22:40:56.105 INFO [http-nio-8080-exec-5]s.d.s.w.readers.operation.CachingOperationNameGenerator.startingWith:40 -Generating unique operation named: listByCourseItemIdUsingGET_1
2019-05-28 22:40:56.114 INFO [http-nio-8080-exec-5]s.d.s.w.readers.operation.CachingOperationNameGenerator.startingWith:40 -Generating unique operation named: receiveUsingGET_18
2019-05-28 22:40:56.128 INFO [http-nio-8080-exec-5]s.d.s.w.readers.operation.CachingOperationNameGenerator.startingWith:40 -Generating unique operation named: deleteCurriculumUsingDELETE_1
2019-05-28 22:40:56.142 INFO [http-nio-8080-exec-5]s.d.s.w.readers.operation.CachingOperationNameGenerator.startingWith:40 -Generating unique operation named: getCurriculumMsgUsingGET_1
2019-05-28 22:40:56.159 INFO [http-nio-8080-exec-5]s.d.s.w.readers.operation.CachingOperationNameGenerator.startingWith:40 -Generating unique operation named: insertCurriculumUsingPOST_1
2019-05-28 22:40:56.173 INFO [http-nio-8080-exec-5]s.d.s.w.readers.operation.CachingOperationNameGenerator.startingWith:40 -Generating unique operation named: selectAllCurriculumUsingGET_1
2019-05-28 22:40:56.186 INFO [http-nio-8080-exec-5]s.d.s.w.readers.operation.CachingOperationNameGenerator.startingWith:40 -Generating unique operation named: ttttUsingGET_1
2019-05-28 22:40:56.200 INFO [http-nio-8080-exec-5]s.d.s.w.readers.operation.CachingOperationNameGenerator.startingWith:40 -Generating unique operation named: updateCurriculumUsingPUT_1
2019-05-28 22:40:56.221 INFO [http-nio-8080-exec-5]s.d.s.w.readers.operation.CachingOperationNameGenerator.startingWith:40 -Generating unique operation named: createUsingPOST_22
2019-05-28 22:40:56.235 INFO [http-nio-8080-exec-5]s.d.s.w.readers.operation.CachingOperationNameGenerator.startingWith:40 -Generating unique operation named: destroyUsingDELETE_15
2019-05-28 22:40:56.246 INFO [http-nio-8080-exec-5]s.d.s.w.readers.operation.CachingOperationNameGenerator.startingWith:40 -Generating unique operation named: listUsingGET_28
2019-05-28 22:40:56.260 INFO [http-nio-8080-exec-5]s.d.s.w.readers.operation.CachingOperationNameGenerator.startingWith:40 -Generating unique operation named: listUsingGET_29
2019-05-28 22:40:56.272 INFO [http-nio-8080-exec-5]s.d.s.w.readers.operation.CachingOperationNameGenerator.startingWith:40 -Generating unique operation named: listByClassIDUsingGET_3
2019-05-28 22:40:56.285 INFO [http-nio-8080-exec-5]s.d.s.w.readers.operation.CachingOperationNameGenerator.startingWith:40 -Generating unique operation named: listByDepartmentIDUsingGET_10
2019-05-28 22:40:56.298 INFO [http-nio-8080-exec-5]s.d.s.w.readers.operation.CachingOperationNameGenerator.startingWith:40 -Generating unique operation named: listByUniversityIDUsingGET_14
2019-05-28 22:40:56.309 INFO [http-nio-8080-exec-5]s.d.s.w.readers.operation.CachingOperationNameGenerator.startingWith:40 -Generating unique operation named: receiveUsingGET_19
2019-05-28 22:40:56.320 INFO [http-nio-8080-exec-5]s.d.s.w.readers.operation.CachingOperationNameGenerator.startingWith:40 -Generating unique operation named: updateUsingPUT_15
2019-05-28 22:40:56.344 INFO [http-nio-8080-exec-5]s.d.s.w.readers.operation.CachingOperationNameGenerator.startingWith:40 -Generating unique operation named: createUsingPOST_23
2019-05-28 22:40:56.362 INFO [http-nio-8080-exec-5]s.d.s.w.readers.operation.CachingOperationNameGenerator.startingWith:40 -Generating unique operation named: destroyUsingDELETE_16
2019-05-28 22:40:56.374 INFO [http-nio-8080-exec-5]s.d.s.w.readers.operation.CachingOperationNameGenerator.startingWith:40 -Generating unique operation named: listUsingGET_30
2019-05-28 22:40:56.383 INFO [http-nio-8080-exec-5]s.d.s.w.readers.operation.CachingOperationNameGenerator.startingWith:40 -Generating unique operation named: listUsingGET_31
2019-05-28 22:40:56.394 INFO [http-nio-8080-exec-5]s.d.s.w.readers.operation.CachingOperationNameGenerator.startingWith:40 -Generating unique operation named: listByUniversityIDUsingGET_15
2019-05-28 22:40:56.406 INFO [http-nio-8080-exec-5]s.d.s.w.readers.operation.CachingOperationNameGenerator.startingWith:40 -Generating unique operation named: receiveUsingGET_20
2019-05-28 22:40:56.419 INFO [http-nio-8080-exec-5]s.d.s.w.readers.operation.CachingOperationNameGenerator.startingWith:40 -Generating unique operation named: updateUsingPUT_16
2019-05-28 22:40:56.443 INFO [http-nio-8080-exec-5]s.d.s.w.readers.operation.CachingOperationNameGenerator.startingWith:40 -Generating unique operation named: createUsingPOST_24
2019-05-28 22:40:56.458 INFO [http-nio-8080-exec-5]s.d.s.w.readers.operation.CachingOperationNameGenerator.startingWith:40 -Generating unique operation named: destroyUsingDELETE_17
2019-05-28 22:40:56.470 INFO [http-nio-8080-exec-5]s.d.s.w.readers.operation.CachingOperationNameGenerator.startingWith:40 -Generating unique operation named: listUsingGET_32
2019-05-28 22:40:56.485 INFO [http-nio-8080-exec-5]s.d.s.w.readers.operation.CachingOperationNameGenerator.startingWith:40 -Generating unique operation named: listUsingGET_33
2019-05-28 22:40:56.497 INFO [http-nio-8080-exec-5]s.d.s.w.readers.operation.CachingOperationNameGenerator.startingWith:40 -Generating unique operation named: listByDepartmentIDUsingGET_11
2019-05-28 22:40:56.509 INFO [http-nio-8080-exec-5]s.d.s.w.readers.operation.CachingOperationNameGenerator.startingWith:40 -Generating unique operation named: listBySubdepartmentIDUsingGET_5
2019-05-28 22:40:56.519 INFO [http-nio-8080-exec-5]s.d.s.w.readers.operation.CachingOperationNameGenerator.startingWith:40 -Generating unique operation named: listByUniversityIDUsingGET_16
2019-05-28 22:40:56.533 INFO [http-nio-8080-exec-5]s.d.s.w.readers.operation.CachingOperationNameGenerator.startingWith:40 -Generating unique operation named: receiveUsingGET_21
2019-05-28 22:40:56.547 INFO [http-nio-8080-exec-5]s.d.s.w.readers.operation.CachingOperationNameGenerator.startingWith:40 -Generating unique operation named: updateUsingPUT_17
2019-05-28 22:40:56.561 INFO [http-nio-8080-exec-5]s.d.s.w.readers.operation.CachingOperationNameGenerator.startingWith:40 -Generating unique operation named: downloadUsingGET_1
2019-05-28 22:40:56.578 INFO [http-nio-8080-exec-5]s.d.s.w.readers.operation.CachingOperationNameGenerator.startingWith:40 -Generating unique operation named: createUsingPOST_25
2019-05-28 22:40:56.589 INFO [http-nio-8080-exec-5]s.d.s.w.readers.operation.CachingOperationNameGenerator.startingWith:40 -Generating unique operation named: destroyUsingDELETE_18
2019-05-28 22:40:56.602 INFO [http-nio-8080-exec-5]s.d.s.w.readers.operation.CachingOperationNameGenerator.startingWith:40 -Generating unique operation named: listUsingGET_34
2019-05-28 22:40:56.615 INFO [http-nio-8080-exec-5]s.d.s.w.readers.operation.CachingOperationNameGenerator.startingWith:40 -Generating unique operation named: listUsingGET_35
2019-05-28 22:40:56.633 INFO [http-nio-8080-exec-5]s.d.s.w.readers.operation.CachingOperationNameGenerator.startingWith:40 -Generating unique operation named: listByDepartmentIDUsingGET_12
2019-05-28 22:40:56.654 INFO [http-nio-8080-exec-5]s.d.s.w.readers.operation.CachingOperationNameGenerator.startingWith:40 -Generating unique operation named: listByUniversityIDUsingGET_17
2019-05-28 22:40:56.677 INFO [http-nio-8080-exec-5]s.d.s.w.readers.operation.CachingOperationNameGenerator.startingWith:40 -Generating unique operation named: listByWorkerIdUsingGET_1
2019-05-28 22:40:56.696 INFO [http-nio-8080-exec-5]s.d.s.w.readers.operation.CachingOperationNameGenerator.startingWith:40 -Generating unique operation named: receiveUsingGET_22
2019-05-28 22:40:56.712 INFO [http-nio-8080-exec-5]s.d.s.w.readers.operation.CachingOperationNameGenerator.startingWith:40 -Generating unique operation named: updateUsingPUT_18
2019-05-28 22:40:56.732 INFO [http-nio-8080-exec-5]s.d.s.w.readers.operation.CachingOperationNameGenerator.startingWith:40 -Generating unique operation named: createUsingPOST_26
2019-05-28 22:40:56.750 INFO [http-nio-8080-exec-5]s.d.s.w.readers.operation.CachingOperationNameGenerator.startingWith:40 -Generating unique operation named: destroyUsingDELETE_19
2019-05-28 22:40:56.767 INFO [http-nio-8080-exec-5]s.d.s.w.readers.operation.CachingOperationNameGenerator.startingWith:40 -Generating unique operation named: listUsingGET_36
2019-05-28 22:40:56.786 INFO [http-nio-8080-exec-5]s.d.s.w.readers.operation.CachingOperationNameGenerator.startingWith:40 -Generating unique operation named: listUsingGET_37
2019-05-28 22:40:56.808 INFO [http-nio-8080-exec-5]s.d.s.w.readers.operation.CachingOperationNameGenerator.startingWith:40 -Generating unique operation named: listByDepartmentIDUsingGET_13
2019-05-28 22:40:56.821 INFO [http-nio-8080-exec-5]s.d.s.w.readers.operation.CachingOperationNameGenerator.startingWith:40 -Generating unique operation named: listByPositionIDUsingGET_1
2019-05-28 22:40:56.836 INFO [http-nio-8080-exec-5]s.d.s.w.readers.operation.CachingOperationNameGenerator.startingWith:40 -Generating unique operation named: listByUniversityIDUsingGET_18
2019-05-28 22:40:56.851 INFO [http-nio-8080-exec-5]s.d.s.w.readers.operation.CachingOperationNameGenerator.startingWith:40 -Generating unique operation named: receiveUsingGET_23
2019-05-28 22:40:56.865 INFO [http-nio-8080-exec-5]s.d.s.w.readers.operation.CachingOperationNameGenerator.startingWith:40 -Generating unique operation named: updateUsingPUT_19
2019-05-28 22:40:56.884 INFO [http-nio-8080-exec-5]s.d.s.w.readers.operation.CachingOperationNameGenerator.startingWith:40 -Generating unique operation named: createUsingPOST_27
2019-05-28 22:40:56.897 INFO [http-nio-8080-exec-5]s.d.s.w.readers.operation.CachingOperationNameGenerator.startingWith:40 -Generating unique operation named: destroyUsingDELETE_20
2019-05-28 22:40:56.909 INFO [http-nio-8080-exec-5]s.d.s.w.readers.operation.CachingOperationNameGenerator.startingWith:40 -Generating unique operation named: listUsingGET_38
2019-05-28 22:40:56.919 INFO [http-nio-8080-exec-5]s.d.s.w.readers.operation.CachingOperationNameGenerator.startingWith:40 -Generating unique operation named: listUsingGET_39
2019-05-28 22:40:56.932 INFO [http-nio-8080-exec-5]s.d.s.w.readers.operation.CachingOperationNameGenerator.startingWith:40 -Generating unique operation named: listByUniversityIDUsingGET_19
2019-05-28 22:40:56.943 INFO [http-nio-8080-exec-5]s.d.s.w.readers.operation.CachingOperationNameGenerator.startingWith:40 -Generating unique operation named: receiveUsingGET_24
2019-05-28 22:40:56.953 INFO [http-nio-8080-exec-5]s.d.s.w.readers.operation.CachingOperationNameGenerator.startingWith:40 -Generating unique operation named: updateUsingPUT_20
2019-05-28 22:40:56.970 INFO [http-nio-8080-exec-5]s.d.s.w.readers.operation.CachingOperationNameGenerator.startingWith:40 -Generating unique operation named: deleteCacheUsingDELETE_3
2019-05-28 22:40:56.990 INFO [http-nio-8080-exec-5]s.d.s.w.readers.operation.CachingOperationNameGenerator.startingWith:40 -Generating unique operation named: deleteSemesterByIdUsingDELETE_1
2019-05-28 22:40:57.010 INFO [http-nio-8080-exec-5]s.d.s.w.readers.operation.CachingOperationNameGenerator.startingWith:40 -Generating unique operation named: insertSemesterUsingPOST_1
2019-05-28 22:40:57.022 INFO [http-nio-8080-exec-5]s.d.s.w.readers.operation.CachingOperationNameGenerator.startingWith:40 -Generating unique operation named: selectAllUsingGET_4
2019-05-28 22:40:57.033 INFO [http-nio-8080-exec-5]s.d.s.w.readers.operation.CachingOperationNameGenerator.startingWith:40 -Generating unique operation named: selectNowSemesterUsingGET_1
2019-05-28 22:40:57.044 INFO [http-nio-8080-exec-5]s.d.s.w.readers.operation.CachingOperationNameGenerator.startingWith:40 -Generating unique operation named: selectSemesterByIdUsingGET_1
2019-05-28 22:40:57.055 INFO [http-nio-8080-exec-5]s.d.s.w.readers.operation.CachingOperationNameGenerator.startingWith:40 -Generating unique operation named: tttUsingGET_1
2019-05-28 22:40:57.067 INFO [http-nio-8080-exec-5]s.d.s.w.readers.operation.CachingOperationNameGenerator.startingWith:40 -Generating unique operation named: updateSemesterByIdUsingPUT_1
2019-05-28 22:40:57.078 INFO [http-nio-8080-exec-5]s.d.s.w.readers.operation.CachingOperationNameGenerator.startingWith:40 -Generating unique operation named: createUsingPOST_28
2019-05-28 22:40:57.088 INFO [http-nio-8080-exec-5]s.d.s.w.readers.operation.CachingOperationNameGenerator.startingWith:40 -Generating unique operation named: createUsingPOST_29
2019-05-28 22:40:57.158 INFO [http-nio-8080-exec-5]s.d.s.w.readers.operation.CachingOperationNameGenerator.startingWith:40 -Generating unique operation named: createUsingPOST_30
2019-05-28 22:40:57.220 INFO [http-nio-8080-exec-5]s.d.s.w.readers.operation.CachingOperationNameGenerator.startingWith:40 -Generating unique operation named: createUsingPOST_31
2019-05-28 22:40:57.278 INFO [http-nio-8080-exec-5]s.d.s.w.readers.operation.CachingOperationNameGenerator.startingWith:40 -Generating unique operation named: destroyUsingDELETE_21
2019-05-28 22:40:57.296 INFO [http-nio-8080-exec-5]s.d.s.w.readers.operation.CachingOperationNameGenerator.startingWith:40 -Generating unique operation named: listUsingGET_40
2019-05-28 22:40:57.311 INFO [http-nio-8080-exec-5]s.d.s.w.readers.operation.CachingOperationNameGenerator.startingWith:40 -Generating unique operation named: listUsingGET_41
2019-05-28 22:40:57.327 INFO [http-nio-8080-exec-5]s.d.s.w.readers.operation.CachingOperationNameGenerator.startingWith:40 -Generating unique operation named: listByDepartmentIDUsingGET_14
2019-05-28 22:40:57.339 INFO [http-nio-8080-exec-5]s.d.s.w.readers.operation.CachingOperationNameGenerator.startingWith:40 -Generating unique operation named: listByUniversityIDUsingGET_20
2019-05-28 22:40:57.352 INFO [http-nio-8080-exec-5]s.d.s.w.readers.operation.CachingOperationNameGenerator.startingWith:40 -Generating unique operation named: receiveUsingGET_25
2019-05-28 22:40:57.374 INFO [http-nio-8080-exec-5]s.d.s.w.readers.operation.CachingOperationNameGenerator.startingWith:40 -Generating unique operation named: updateUsingPUT_21
2019-05-28 22:40:57.382 INFO [http-nio-8080-exec-5]s.d.s.w.readers.operation.CachingOperationNameGenerator.startingWith:40 -Generating unique operation named: selectAllUsingGET_5
2019-05-28 22:40:57.400 INFO [http-nio-8080-exec-5]s.d.s.w.readers.operation.CachingOperationNameGenerator.startingWith:40 -Generating unique operation named: createUsingPOST_32
2019-05-28 22:40:57.423 INFO [http-nio-8080-exec-5]s.d.s.w.readers.operation.CachingOperationNameGenerator.startingWith:40 -Generating unique operation named: destroyUsingDELETE_22
2019-05-28 22:40:57.452 INFO [http-nio-8080-exec-5]s.d.s.w.readers.operation.CachingOperationNameGenerator.startingWith:40 -Generating unique operation named: listUsingGET_42
2019-05-28 22:40:57.464 INFO [http-nio-8080-exec-5]s.d.s.w.readers.operation.CachingOperationNameGenerator.startingWith:40 -Generating unique operation named: listUsingGET_43
2019-05-28 22:40:57.474 INFO [http-nio-8080-exec-5]s.d.s.w.readers.operation.CachingOperationNameGenerator.startingWith:40 -Generating unique operation named: receiveUsingGET_26
2019-05-28 22:40:57.484 INFO [http-nio-8080-exec-5]s.d.s.w.readers.operation.CachingOperationNameGenerator.startingWith:40 -Generating unique operation named: updateUsingPUT_22
2019-05-28 22:40:57.498 INFO [http-nio-8080-exec-5]s.d.s.w.readers.operation.CachingOperationNameGenerator.startingWith:40 -Generating unique operation named: createUsingPOST_33
2019-05-28 22:40:57.510 INFO [http-nio-8080-exec-5]s.d.s.w.readers.operation.CachingOperationNameGenerator.startingWith:40 -Generating unique operation named: destroyUsingDELETE_23
2019-05-28 22:40:57.521 INFO [http-nio-8080-exec-5]s.d.s.w.readers.operation.CachingOperationNameGenerator.startingWith:40 -Generating unique operation named: listUsingGET_44
2019-05-28 22:40:57.595 INFO [http-nio-8080-exec-5]s.d.s.w.readers.operation.CachingOperationNameGenerator.startingWith:40 -Generating unique operation named: listUsingGET_45
2019-05-28 22:40:57.627 INFO [http-nio-8080-exec-5]s.d.s.w.readers.operation.CachingOperationNameGenerator.startingWith:40 -Generating unique operation named: listByDepartmentIDUsingGET_15
2019-05-28 22:40:57.643 INFO [http-nio-8080-exec-5]s.d.s.w.readers.operation.CachingOperationNameGenerator.startingWith:40 -Generating unique operation named: listByUniversityIDUsingGET_21
2019-05-28 22:40:57.655 INFO [http-nio-8080-exec-5]s.d.s.w.readers.operation.CachingOperationNameGenerator.startingWith:40 -Generating unique operation named: receiveUsingGET_27
2019-05-28 22:40:57.669 INFO [http-nio-8080-exec-5]s.d.s.w.readers.operation.CachingOperationNameGenerator.startingWith:40 -Generating unique operation named: updateUsingPUT_23
